# name/game/hands/seed matchName holdem.nolimit.2p.reverse_blinds.game 1000 0
#--t_response 600000
#--t_hand 600000
#--t_per_hand 7000
STATE:0:cr13024c/r16916f:5d5c|9hQd/8dAs8s:13024|-13024:Alice|Bob
STATE:1:r19015r20000c///:6sKs|5dJd/2sTh2h/Qh/8h:20000|-20000:Bob|Alice
STATE:2:cc/r6420f:Ah8s|2h4c/Qd7h6c:100|-100:Alice|Bob
STATE:3:cr16298r20000c///:4s8s|6hJd/QhJs9d/Qc/9h:-20000|20000:Bob|Alice
STATE:4:r10312r20000f:5s4c|Kc7d:10312|-10312:Alice|Bob
STATE:5:cc/cr16845r20000c//:KhTh|8s7d/9c8d5c/Qd/Td:20000|-20000:Bob|Alice
STATE:6:cc/cc/cc/cr1109c:Kc8h|5cAs/9dAh4d/7h/Qs:-1109|1109:Alice|Bob
STATE:7:r5352r16552r20000c///:Ah6c|2c3d/5d6hTc/6d/Td:20000|-20000:Bob|Alice
STATE:8:cr7207c/r16668c/cc/cr19606r20000c:2hAd|Js7c/4d3s3c/Jh/7d:-20000|20000:Alice|Bob
STATE:9:r8512f:Qd5h|9h2d:-100|100:Bob|Alice
STATE:10:cr7611c/cc/cr19981r20000c/:KcAd|Jd5c/6s7c4h/Ks/Kh:20000|-20000:Alice|Bob
STATE:11:cc/r14983c/r18473r20000c/:9dTc|9s4h/3h7c2h/9h/Ts:20000|-20000:Bob|Alice
STATE:12:r1096r11363c/cc/r14651r19642r20000f:3hTs|AdQd/9d7h4h/Kd:19642|-19642:Alice|Bob
STATE:13:r12843r20000c///:8h9s|3d2s/7hJcKc/2d/2c:-20000|20000:Bob|Alice
STATE:14:cr6666f:2d3s|6sQh:100|-100:Alice|Bob
STATE:15:f:3c4c|Th7s:50|-50:Bob|Alice
STATE:16:cc/r6130r12412c/cr17541r20000c/:3c8d|Ks6c/Ad8c7s/Jd/8s:20000|-20000:Alice|Bob
STATE:17:r2866c/cc/cr4303r11247r19216c/r19320r19587c:Kc7c|2s7d/As3h6s/Qc/7s:19587|-19587:Bob|Alice
STATE:18:r6734c/r15953r20000c//:AsJh|8d2c/7dAh5c/3s/3c:20000|-20000:Alice|Bob
STATE:19:cc/cr2025c/r15965f:2h6d|7dKc/5sAs6h/6s:2025|-2025:Bob|Alice
STATE:20:cr14539r20000f:5cAs|2s7h:-14539|14539:Alice|Bob
STATE:21:cc/r5833c/r17241r20000c/:9sTs|7d4h/5c4sAh/4c/7c:-20000|20000:Bob|Alice
STATE:22:f:5sJh|8dTh:50|-50:Alice|Bob
STATE:23:cr3738c/r19083c/r19754c/r19915r20000c:6c7s|AcTh/TsAhQh/5s/As:-20000|20000:Bob|Alice
STATE:24:f:9d3h|Qh6s:50|-50:Alice|Bob
STATE:25:cr9172c/cr13554c/r18533c/cr19379r20000c:2s3d|7dTs/Ad4hJh/9c/6c:-20000|20000:Bob|Alice
STATE:26:r18411r20000c///:5dJs|9h4h/4sTh3d/3s/7d:-20000|20000:Alice|Bob
STATE:27:cr19811r20000c///:2d2s|8s4d/TcAd5d/2c/3h:-20000|20000:Bob|Alice
STATE:28:cr9286c/r12993c/r14319r19163c/cc:AdTd|Qd2c/2d7d6c/9d/Jh:19163|-19163:Alice|Bob
STATE:29:cr2020c/r5841r11848r18677c/cr19771c/r19890c:8s2d|8h9d/7h5c7s/7c/Jc:-19890|19890:Bob|Alice
STATE:30:f:3c2s|4sTs:50|-50:Alice|Bob
STATE:31:r19968r20000c///:Jd9c|6s8s/7s6d5c/Jc/Qc:20000|-20000:Bob|Alice
STATE:32:r4562r19887r20000c///:QsKd|7c7d/2c2d6c/6h/Jd:-20000|20000:Alice|Bob
STATE:33:cc/cc/r3601c/cr19194r20000c:Th5d|Qs8h/7sAcJs/Td/7h:20000|-20000:Bob|Alice
STATE:34:cr15270f:7hAc|AdAs:100|-100:Alice|Bob
STATE:35:r8955r17896c/cr18310r18999c/cc/r19913c:AsAh|2dQs/4s7dTs/Kd/5s:19913|-19913:Bob|Alice
STATE:36:cr7172c/r11881r19030c/r19168r19402c/r19626c:AhQc|8c5c/4dAs4h/4s/6d:19626|-19626:Alice|Bob
STATE:37:r1302c/r16462r20000f:KcQd|8sJc/9hJh9d:-16462|16462:Bob|Alice
STATE:38:r17691c/r18144c/cc/cc:Ad6s|Qh8h/6cJc7c/8c/8s:-18144|18144:Alice|Bob
STATE:39:r1672r6504c/cc/cc/cc:9sTc|6cAs/3d6s2d/Ac/Jc:-6504|6504:Bob|Alice
STATE:40:r11182f:5d6s|8hKc:-100|100:Alice|Bob
STATE:41:cr3219r10419r19500r20000f:4d6d|9s6s:-19500|19500:Bob|Alice
STATE:42:r3004c/r11556c/cr11914c/cc:ThQh|Kc8s/2d3h9s/4s/2c:-11914|11914:Alice|Bob
STATE:43:cr18944c/cr19476c/cc/r19593c:7s8h|9h4c/Ts9s6d/4d/5c:19593|-19593:Bob|Alice
STATE:44:r8852c/r12954c/r16164r19423r20000c/:9c6h|3dJh/AhTs9d/7s/7h:20000|-20000:Alice|Bob
STATE:45:r1495c/r10555r19812c/cc/r19954c:5c3s|7c8h/9sKh8s/2d/4c:-19954|19954:Bob|Alice
STATE:46:cc/cr16821c/cc/cc:8hJd|5cQh/6s3d9h/3c/Js:16821|-16821:Alice|Bob
STATE:47:r10251c/r17222f:Qc2s|JsAh/9d8s2h:10251|-10251:Bob|Alice
STATE:48:cr11865r20000f:5cJc|Jd4c:-11865|11865:Alice|Bob
STATE:49:r18977r20000c///:QhTd|Js3c/9cQc5d/Ad/Kd:20000|-20000:Bob|Alice
STATE:50:cc/cr13375c/cr13648c/r16213r19052r20000f:Tc5d|JsAd/4h7s8s/9c/3d:19052|-19052:Alice|Bob
STATE:51:cr3292r14907r20000c///:Ah7c|AsKc/7d2c8c/Jh/Jd:20000|-20000:Bob|Alice
STATE:52:cc/r13247r20000c//:5cJh|Th8h/8s9d6c/5d/8d:-20000|20000:Alice|Bob
STATE:53:cr9698r19708r20000c///:Qd5c|3h6d/AsTd8d/Kh/Qc:20000|-20000:Bob|Alice
STATE:54:r15510c/r16954r18951r20000c//:7s4h|7h9d/8d2dQs/2s/6d:-20000|20000:Alice|Bob
STATE:55:cc/cr18450c/r19525c/r19670c:8c6s|Tc8h/Qc2h8s/7h/6c:19670|-19670:Bob|Alice
STATE:56:r3364c/r15691c/r16795r18717r20000c/:Ks7d|9hTs/Jd4h9c/3c/6h:-20000|20000:Alice|Bob
STATE:57:cr17095r20000c///:5cAh|9dTh/As3dTs/Kh/9h:-20000|20000:Bob|Alice
STATE:58:cc/r15601f:2c9h|5hKh/JdKsAs:100|-100:Alice|Bob
STATE:59:cc/r11183r20000c//:4dTd|9s9c/TcJcKh/5s/7h:20000|-20000:Bob|Alice
STATE:60:cr5976c/cc/cr10786c/r14112r18163r20000c:5s9s|3c4c/Jc3sAs/6c/2c:-20000|20000:Alice|Bob
STATE:61:cr6980f:Jd5d|4s4d:100|-100:Bob|Alice
STATE:62:f:5s2s|Kh2c:50|-50:Alice|Bob
STATE:63:cr6388f:7c5s|9c2c:100|-100:Bob|Alice
STATE:64:r14622r20000f:7c9d|8s9h:14622|-14622:Alice|Bob
STATE:65:cr13525c/cc/r16210r19608c/cr19917f:8h7h|Ah2s/3dJh4s/Qd/As:-19608|19608:Bob|Alice
STATE:66:cc/r8378f:QhAd|5s3h/2h2cTc:100|-100:Alice|Bob
STATE:67:cr18179c/cr19797c/r19910c/cr20000f:4d6d|9hJc/Jd4h3s/Ah/6s:-19910|19910:Bob|Alice
STATE:68:cc/r4437c/r8885r18355r20000c/:7h6d|6h4d/3cJd7d/8s/Kc:20000|-20000:Alice|Bob
STATE:69:cr16019r20000c///:Jh4c|9d2d/6dTh5s/As/Kd:20000|-20000:Bob|Alice
STATE:70:r4151c/r15083f:Ah4d|JhTs/AsKh5s:4151|-4151:Alice|Bob
STATE:71:cc/cc/r18869r20000c/:6c5h|8h2s/5sQd4h/Js/9c:20000|-20000:Bob|Alice
STATE:72:cc/r14449c/r18415c/r18669r19021r19929c:3c3s|7c3h/2s8s5s/9s/4c:19929|-19929:Alice|Bob
STATE:73:cr19941c/cr20000c//:3s5d|Kh2h/3h2d9h/8d/9d:20000|-20000:Bob|Alice
STATE:74:cc/r3246c/cr9924c/cc:5c3c|2dJh/Kh6c9h/4d/Ks:-9924|9924:Alice|Bob
STATE:75:r7687r19522c/cr19779c/r19966r20000c/:Kc7s|2s6d/4hQdKh/Ah/Kd:20000|-20000:Bob|Alice
STATE:76:r12758c/cc/r18438c/cr19640f:Qh9s|Tc5d/Qc8h2c/Ks/Jh:-18438|18438:Alice|Bob
STATE:77:cr9864r19943c/r20000c//:JsTd|5s2c/AsAcTc/Ah/8h:20000|-20000:Bob|Alice
STATE:78:cc/r7797r17287r20000c//:As8s|4cQc/Ad6hKh/Kd/8d:20000|-20000:Alice|Bob
STATE:79:cr9565c/r19849r20000c//:3c6h|3dKc/5hJc3h/9s/8h:-20000|20000:Bob|Alice
STATE:80:f:6d6s|Tc6c:50|-50:Alice|Bob
STATE:81:cr8676c/cc/cr14933r20000c/:5s6s|7c3s/Qd4dQc/2c/6c:20000|-20000:Bob|Alice
STATE:82:cr705r11221c/r18126r20000c//:2sQs|2c7d/AhAd8c/9h/3s:20000|-20000:Alice|Bob
STATE:83:r11232c/r14018f:8dTc|2h6c/Qs4c2s:11232|-11232:Bob|Alice
STATE:84:cc/r722c/r14466r20000c/:Ah9d|5c6c/Ts9s4c/Qh/4d:20000|-20000:Alice|Bob
STATE:85:r5030c/r17948r20000c//:3d8h|5d2s/4s9cQs/7h/As:20000|-20000:Bob|Alice
STATE:86:r12664c/cc/r18715r20000c/:6d8h|6h6c/Ts2sQc/3d/Ah:-20000|20000:Alice|Bob
STATE:87:r7224r19170r20000c///:AdAc|8d8s/2cKhTs/8c/Qh:-20000|20000:Bob|Alice
STATE:88:cr984c/cc/cc/cr12211c:Jh2c|2hKc/5s8dTs/Tc/6d:-12211|12211:Alice|Bob
STATE:89:r363c/cr6495c/cr18257r20000c/:JsKc|JdQh/Ts9c5d/6c/5h:20000|-20000:Bob|Alice
STATE:90:r11896c/cc/cr18951c/r19629c:2sTs|Kd6s/9dTh6h/2c/3d:19629|-19629:Alice|Bob
STATE:91:r570c/cr18974c/cr19129c/r19812r20000c:7d9h|JdKc/KhQdJc/Ts/Td:20000|-20000:Bob|Alice
STATE:92:r6185r18758r20000c///:8hJc|JhAc/6s5s6d/9h/4s:-20000|20000:Alice|Bob
STATE:93:r11638r20000c///:Jh2d|2c5h/AdKdTd/Jd/Th:20000|-20000:Bob|Alice
STATE:94:cc/r7843r17668c/cc/r19299r20000f:Tc3s|9s4h/Td8d5c/Qh/Jd:-19299|19299:Alice|Bob
STATE:95:cc/cc/r4925c/r9855r17405c:9dAd|5sTc/AhJd3d/Jc/5c:17405|-17405:Bob|Alice
STATE:96:cc/r18450r20000c//:4sQh|8dTc/QcJsAh/Jd/3c:20000|-20000:Alice|Bob
STATE:97:r13275r20000c///:Qd9h|AsAd/3d4s6s/2h/9d:-20000|20000:Bob|Alice
STATE:98:r5400f:QsQc|7cQh:-100|100:Alice|Bob
STATE:99:cc/cc/cc/r3826c:4cTs|Qs9s/9h5d8d/6c/6d:-3826|3826:Bob|Alice
STATE:100:cr7738r18067c/r19313c/cr19983c/r20000c:Qd2c|3cKh/8h8c7h/Kd/2d:-20000|20000:Alice|Bob
STATE:101:cc/cr11429r20000c//:Qs6d|7s7h/8c8h2c/3d/8d:-20000|20000:Bob|Alice
STATE:102:cr2418r12249r20000c///:JsKc|5dTh/6sQsJh/2c/4h:20000|-20000:Alice|Bob
STATE:103:f:Js5h|Td3h:50|-50:Bob|Alice
STATE:104:cr11644c/r12968r16730c/cc/r17299r19438c:Qs8d|9c8h/5hKh3c/6h/Kc:19438|-19438:Alice|Bob
STATE:105:r12615c/r13675c/r16173f:Th6d|5s4d/5cJc8c/6h:13675|-13675:Bob|Alice
STATE:106:r14493r20000c///:Qd7c|3d8c/Th3cJs/Ac/9d:-20000|20000:Alice|Bob
STATE:107:cr19591c/r19861c/r19964c/cc:JsTc|Jd5s/ThTsKd/Ac/3c:19964|-19964:Bob|Alice
STATE:108:r13041c/cc/cc/cr18027c:4hJc|5s6h/9d3dQc/7s/Qh:18027|-18027:Alice|Bob
STATE:109:cc/r8771c/r9003c/cc:2d5d|4s4c/5s3d7d/Ad/As:9003|-9003:Bob|Alice
STATE:110:r6978r14755r20000f:8c7c|3d2h:-14755|14755:Alice|Bob
STATE:111:cc/cc/cc/r6176r18936r20000c:AcQc|5sKh/As8sKs/6c/Ts:-20000|20000:Bob|Alice
STATE:112:cr19734r20000c///:8d9s|9d7h/2hJh6h/5c/As:20000|-20000:Alice|Bob
STATE:113:cr7652c/r9715c/cc/r16317f:Ad6s|3c6h/7dTd4h/9s/4d:9715|-9715:Bob|Alice
STATE:114:cr7551r15307c/cc/cc/r17041c:9sKc|3sAs/4s5d8d/5h/8s:-17041|17041:Alice|Bob
STATE:115:r2149r15396f:3d2s|9cKh:2149|-2149:Bob|Alice
STATE:116:r19094c/cr19990r20000c//:Jc6h|9s9h/3hAdAs/Ac/7d:-20000|20000:Alice|Bob
STATE:117:f:AhTd|6c3c:50|-50:Bob|Alice
STATE:118:cr6032c/cc/cr13302c/r18172c:Js8d|Jc6c/6s9d6h/2s/3h:-18172|18172:Alice|Bob
STATE:119:r2034c/cc/cr3075c/r13715c:Tc7s|Ac7d/Ad3d5s/9h/As:-13715|13715:Bob|Alice
STATE:120:r3415r10954r19991r20000c///:Td6s|6cJs/8hJdAh/8c/9h:-20000|20000:Alice|Bob
STATE:121:r3676c/cr16670r20000c//:5cTs|4d7c/3hTdKs/7h/9d:20000|-20000:Bob|Alice
STATE:122:cr8177c/cc/cc/r9875r12086r16339r20000c:2c2h|Ah7h/4hTs5d/Jc/Qs:20000|-20000:Alice|Bob
STATE:123:r9346c/r16562r20000c//:9c5d|KhAh/Qh4c4s/Qc/2d:-20000|20000:Bob|Alice
STATE:124:f:Qh6c|9s5d:50|-50:Alice|Bob
STATE:125:r15734c/r17229c/r17763r19559f:Tc6c|8c6d/Ts4cAs/4h:-17763|17763:Bob|Alice
STATE:126:cc/r14543r20000c//:As9d|3d9c/Qh8cKc/2h/4h:20000|-20000:Alice|Bob
STATE:127:cr18227r20000c///:QcKd|3d9c/KhJdQd/7c/Ah:20000|-20000:Bob|Alice
STATE:128:r14154c/r14486f:Kc8d|2cKd/6c5dTh:14154|-14154:Alice|Bob
STATE:129:cr9562c/cr14153c/r14704c/cc:As5d|4hQs/8sKh6c/Jh/4c:-14704|14704:Bob|Alice
STATE:130:r11294c/cc/cc/r19695r20000c:7s8d|Ad3s/4c2hJc/7c/9c:20000|-20000:Alice|Bob
STATE:131:cc/r14808r20000c//:2hJh|JdKs/3c5hKh/Tc/9c:-20000|20000:Bob|Alice
STATE:132:r6762r16086r20000c///:9d2c|Qh8d/2d9s7c/3d/Ks:20000|-20000:Alice|Bob
STATE:133:r11651c/r17011r20000c//:9dJc|6dJh/6c7c9c/Qd/Ks:20000|-20000:Bob|Alice
STATE:134:cc/cr15544c/cr19096c/cc:Tc8c|5d9h/AhTs7h/8h/Kd:19096|-19096:Alice|Bob
STATE:135:cc/r11810r20000c//:9d2s|6c8c/5c6sJd/Th/Ah:-20000|20000:Bob|Alice
STATE:136:cc/r4925c/cc/r17706c:2d3d|5sQh/3c4c2c/8h/Ks:17706|-17706:Alice|Bob
STATE:137:cc/cc/cr9723c/r19102c:3d5h|QsTd/6hQh5s/2c/Tc:-19102|19102:Bob|Alice
STATE:138:cc/cr15768r20000f:TsQd|5hTd/3c5dJd:15768|-15768:Alice|Bob
STATE:139:cc/cr19241r20000c//:3c5d|5c7s/Jc8c8h/4h/9c:-20000|20000:Bob|Alice
STATE:140:r3275r17038r20000f:6s4s|2dKd:-17038|17038:Alice|Bob
STATE:141:cc/cr4573f:Ah7c|QsJc/2dTd8d:-100|100:Bob|Alice
STATE:142:cr15859r20000c///:5c2s|Qc7c/TsAs3s/6d/6h:-20000|20000:Alice|Bob
STATE:143:cr17483r20000c///:5c8s|Js6s/TcTh3h/9d/4c:-20000|20000:Bob|Alice
STATE:144:cr14603r20000c///:Qh6s|AdKs/9dJd2s/Ah/Qd:-20000|20000:Alice|Bob
STATE:145:cc/cr5148r19218c/cr19463c/cc:2c9s|Jh2s/4cJs6s/9d/Kh:-19463|19463:Bob|Alice
STATE:146:r703f:5d6c|7d6d:-100|100:Alice|Bob
STATE:147:cr17482c/cc/cr18061c/cc:AdKh|6h5s/4cJh5d/Jc/Th:-18061|18061:Bob|Alice
STATE:148:cr9418r18819r20000c///:2d5d|Kc6d/9d4s7h/4c/Ac:-20000|20000:Alice|Bob
STATE:149:cr4146r8565c/cc/r17405r20000c/:As9d|5c3h/3c7cQd/Ac/Jh:20000|-20000:Bob|Alice
STATE:150:cr19723r20000c///:Td5d|AsJs/8s3dKc/5s/9h:20000|-20000:Alice|Bob
STATE:151:cr5015f:KsKh|2c5h:100|-100:Bob|Alice
STATE:152:cr12430f:JcQd|7c3s:100|-100:Alice|Bob
STATE:153:cr12173r20000c///:2s3s|Qs8c/JsAs5h/Ac/Kc:-20000|20000:Bob|Alice
STATE:154:r5309r13488c/r14304c/cc/cc:5h5d|4d2s/5s6sQh/7c/Ks:14304|-14304:Alice|Bob
STATE:155:r17287r20000c///:TcAd|Qs7d/8c9c5h/Kc/7s:-20000|20000:Bob|Alice
STATE:156:r4913c/cr17905c/cc/r18902c:4c7h|4s9d/Jh5h8d/8h/5s:0|0:Alice|Bob
STATE:157:r13569c/r19892c/cr19994c/cc:5c3s|Jc4s/4h8d6d/4c/6s:-19994|19994:Bob|Alice
STATE:158:cr14199f:5h6s|Kc6c:100|-100:Alice|Bob
STATE:159:r10645r20000f:Ah8d|9s7h:10645|-10645:Bob|Alice
STATE:160:r19610c/cr19755c/cr19891c/r19991r20000f:3d3s|7cTs/2h2sKs/8c/Ad:-19991|19991:Alice|Bob
STATE:161:cr19264r20000c///:Qh4c|6dAc/KcQs4d/3h/9h:20000|-20000:Bob|Alice
STATE:162:cc/r18093r20000c//:4cQd|Td4h/6d3d5s/Js/6c:20000|-20000:Alice|Bob
STATE:163:cr13390r20000c///:2c8s|8cJc/Th5c9h/Qs/7h:-20000|20000:Bob|Alice
STATE:164:r18074c/cc/r19245r20000c/:Qc6d|3h5s/7hAs8d/Kc/Jc:20000|-20000:Alice|Bob
STATE:165:cr17526c/cc/cc/cc:9dJs|Qh3d/Jc3h8h/5h/8c:17526|-17526:Bob|Alice
STATE:166:r10428c/r11948r16076c/r19561r20000c/:8dKd|Ac9h/Th2c6d/4d/Ts:-20000|20000:Alice|Bob
STATE:167:r14765c/r17716c/r19059r20000f:KsTd|7s2d/4d8h8d/4s:-19059|19059:Bob|Alice
STATE:168:r5835c/cr10054c/r13758r19907f:AdQd|3d3c/2dAh4c/Qs:-13758|13758:Alice|Bob
STATE:169:cr18528r20000f:8d6c|Tc3s:-18528|18528:Bob|Alice
STATE:170:r12810r20000c///:7h6c|AdKc/8sQd3d/Kh/5d:-20000|20000:Alice|Bob
STATE:171:cc/r13148c/r13591c/cc:Ac7s|Td6c/2s7hAs/5d/Qc:13591|-13591:Bob|Alice
STATE:172:cc/r4607r9328r14906r20000f:Kd5c|TsJh/6c5h3s:-14906|14906:Alice|Bob
STATE:173:r12118c/cc/cc/r18578c:Th5d|Js4h/Kd7sTc/6d/As:18578|-18578:Bob|Alice
STATE:174:r15420c/cr19960r20000c//:2d4h|Jd6s/7s3h4d/Ts/2s:20000|-20000:Alice|Bob
STATE:175:f:5cJc|2c2h:50|-50:Bob|Alice
STATE:176:cr2040r15769r20000c///:8c4s|TsKd/3h6s6d/8s/5h:20000|-20000:Alice|Bob
STATE:177:cc/cc/r18141c/r19559r20000c:8hTs|2d3c/AdAc4h/4c/Js:0|0:Bob|Alice
STATE:178:r10572c/r18581r20000c//:8hAh|Kh3s/2hKs2c/Qd/7d:-20000|20000:Alice|Bob
STATE:179:r4700r9882f:9h2c|4dQh:4700|-4700:Bob|Alice
STATE:180:r3823r17788c/r19823c/r19949r20000c/:9d4d|6h7s/AhQs5h/7c/8c:-20000|20000:Alice|Bob
STATE:181:cr3700r8948r17778c/r18164r19445r20000c//:7cQc|6s6d/JhKs7h/9s/8s:20000|-20000:Bob|Alice
STATE:182:f:6cTs|Jh4d:50|-50:Alice|Bob
STATE:183:cc/cr7734c/cc/r19101r20000c:7c6d|TsJs/3sAh9c/3c/4d:-20000|20000:Bob|Alice
STATE:184:f:8hQc|5s3s:50|-50:Alice|Bob
STATE:185:r13999r20000c///:Td6h|7c7h/Ts6cQd/4h/2c:20000|-20000:Bob|Alice
STATE:186:r15825c/cr17224r18902c/cr19247c/r19587r19958f:8c5c|Jc9c/TdAh9s/Qh/Kd:-19587|19587:Alice|Bob
STATE:187:f:QhJh|5h8s:50|-50:Bob|Alice
STATE:188:r13573c/cr18571f:Qs7c|As2h/6d6cJh:-13573|13573:Alice|Bob
STATE:189:r17528c/r17770c/cc/cr19686r20000c:Ac7h|8c6h/AhQh9d/9h/2s:20000|-20000:Bob|Alice
STATE:190:r17736c/cr18929c/r19871r20000c/:Ks6h|8dJs/8sKd5d/5s/5h:20000|-20000:Alice|Bob
STATE:191:f:9c4d|5cQs:50|-50:Bob|Alice
STATE:192:cr7424r15832f:Qh7h|JhTh:-7424|7424:Alice|Bob
STATE:193:r17604r20000c///:KhKd|4h2s/8hKs9d/4s/Qd:20000|-20000:Bob|Alice
STATE:194:r11476c/cc/r13757c/cr13969r19519c:6dTs|2dJd/7d5hJs/5s/Qh:-19519|19519:Alice|Bob
STATE:195:cr1653r7584c/r12256c/cc/r19879c:Jd9c|6sQh/3c8d8s/4d/5h:-19879|19879:Bob|Alice
STATE:196:cc/cr2089r19653f:JsKs|6h8h/5s2s2h:2089|-2089:Alice|Bob
STATE:197:r3872r10845r18650r20000c///:Ks9h|Qd3s/JhJsAd/2s/Kc:20000|-20000:Bob|Alice
STATE:198:cr665r5748c/cr10003r16144f:5h9c|5cTc/7d4c4d:10003|-10003:Alice|Bob
STATE:199:f:6h9h|4d7s:50|-50:Bob|Alice
STATE:200:cc/r505r1215c/cr16060r20000f:7s3s|7c4h/ThQs4s/8h:16060|-16060:Alice|Bob
STATE:201:cr9214r18530c/r19110r19786r20000c//:3dKd|9d2c/2hKhAd/6d/Js:20000|-20000:Bob|Alice
STATE:202:r13526c/r14131r14755c/cr17791r20000c/:9c7s|2d9s/3d4sJd/Kc/3h:0|0:Alice|Bob
STATE:203:cr10739r20000c///:9c6d|8s2d/AsAcQs/3h/2h:-20000|20000:Bob|Alice
STATE:204:r10809r20000c///:2s5h|Tc3d/7s8sTh/Kc/Js:-20000|20000:Alice|Bob
STATE:205:cr6856f:Ts7c|Th7s:100|-100:Bob|Alice
STATE:206:r18176r20000c///:ThAs|Js4s/2s4h2h/Qh/7h:20000|-20000:Alice|Bob
STATE:207:cr12509c/cr16633r20000c//:2sQs|KcJd/4c6c3h/2d/4s:20000|-20000:Bob|Alice
STATE:208:f:AcAh|9s9c:50|-50:Alice|Bob
STATE:209:cc/cr8880c/cr10172c/r12537f:Js5c|2sTd/As2h3d/Kh/Ad:10172|-10172:Bob|Alice
STATE:210:cr14703c/cr18212c/cc/cc:Qc6s|Js5h/4s4h8d/6h/5c:18212|-18212:Alice|Bob
STATE:211:cc/cr19470r20000c//:TdKs|2dAh/Qh4h9s/Qs/3h:-20000|20000:Bob|Alice
STATE:212:r206c/r708r17359c/r19624c/cr19951r20000c:Tc8c|9c6h/8sAc9d/7d/Ks:-20000|20000:Alice|Bob
STATE:213:r15428r20000c///:3c6h|Jc7d/8d9d6c/3d/Kd:-20000|20000:Bob|Alice
STATE:214:r8320r17670r20000f:2c6d|Kc8s:-17670|17670:Alice|Bob
STATE:215:r12775c/cr14756r17864r20000f:2s3s|Td9d/7sJd9h:-17864|17864:Bob|Alice
STATE:216:cc/cc/r17828r20000c/:7d2h|9sQh/TsTd4s/Qs/5s:-20000|20000:Alice|Bob
STATE:217:r12589c/r15153c/r15357r16976r18621c/r19364f:AhKs|Th8d/JsAs4s/6h/5h:18621|-18621:Bob|Alice
STATE:218:r18139r20000c///:6s6c|Kd8d/2c7hJh/As/6h:20000|-20000:Alice|Bob
STATE:219:r7934r16463r20000c///:4sKc|4hAh/5s2d8s/5d/Kd:20000|-20000:Bob|Alice
STATE:220:cc/r18174r20000c//:Th7h|7c5d/4s3sJd/7d/5s:-20000|20000:Alice|Bob
STATE:221:r10234r20000c///:6sTs|7h9s/6c7cQs/Th/4s:20000|-20000:Bob|Alice
STATE:222:cc/r4728c/r8600c/r12309r18811r20000c:2d8h|Kc2s/8c3d9s/Ks/6c:-20000|20000:Alice|Bob
STATE:223:r12682r20000c///:Tc3c|Kc7h/7dAd3h/Jd/Qd:-20000|20000:Bob|Alice
STATE:224:cr6051r15841c/r16229c/cr16779r18960r20000c/:3h3s|Ts2d/Jh5c9d/3c/8h:20000|-20000:Alice|Bob
STATE:225:cc/cc/cc/r9866r19911c:2d4h|6d7d/TsQhQd/Ad/3s:-19911|19911:Bob|Alice
STATE:226:cc/r8092f:AsKc|2cTs/5cAcKs:100|-100:Alice|Bob
STATE:227:r2369r14944r20000f:6s7d|9s3c:-14944|14944:Bob|Alice
STATE:228:r9913c/cc/r17591c/cr18180c:Ac3s|5h2d/Jc7dQs/9d/4s:18180|-18180:Alice|Bob
STATE:229:cr10511r20000c///:JsJh|Kh6h/As6d3c/Qc/Ac:20000|-20000:Bob|Alice
STATE:230:r12589r20000c///:2c9c|4d9d/6h6d3s/As/4h:-20000|20000:Alice|Bob
STATE:231:r2378c/cc/cc/r8276c:2h2d|3h6s/7c4hTc/3d/Ad:-8276|8276:Bob|Alice
STATE:232:r6365r19320c/r19763c/cr19971c/r20000c:6c9s|JsTs/9c7cKd/Tc/2c:20000|-20000:Alice|Bob
STATE:233:cr380c/r3798c/r6817r14556c/cc:Qs5h|TcKc/Jh9c2s/8s/Jd:-14556|14556:Bob|Alice
STATE:234:r10382c/r16676r20000f:Td6s|AdTc/8c4hKc:-16676|16676:Alice|Bob
STATE:235:cr7531c/cr13891c/cr18872c/r18993c:5s8c|6d4c/4d6c3d/7d/2s:18993|-18993:Bob|Alice
STATE:236:r15433r20000f:8d5s|3s2d:15433|-15433:Alice|Bob
STATE:237:cc/r10049c/r11362r17031c/r18984c:8h6c|KhAh/QsTd2h/Jc/4h:-18984|18984:Bob|Alice
STATE:238:cr7638c/cr7997c/r17408r20000c/:Js3s|6d8h/Kd2s3c/Qc/4d:20000|-20000:Alice|Bob
STATE:239:r8892c/r17288r20000c//:9sQd|8s6h/JdAs5c/3d/Js:20000|-20000:Bob|Alice
STATE:240:r2266c/r4159f:7c4s|Kh2d/AhQdQs:2266|-2266:Alice|Bob
STATE:241:cc/cr10872c/cr16685r20000c/:6d6c|3c7h/3s4h5c/9c/2h:20000|-20000:Bob|Alice
STATE:242:r1281f:3d8d|JdAd:-100|100:Alice|Bob
STATE:243:cr16931r20000c///:3s3h|9h8c/TsJcTh/Qd/4h:-20000|20000:Bob|Alice
STATE:244:cc/r18632c/r18975r19598r20000c/:8d7d|Ah9d/JcTd9h/Ks/3s:20000|-20000:Alice|Bob
STATE:245:r1721f:QcQs|7dQh:-100|100:Bob|Alice
STATE:246:r8949r17925c/r18825c/r19535r20000c/:KdJc|QdQs/6dJhAd/4c/Tc:-20000|20000:Alice|Bob
STATE:247:r10536c/r11018r17075c/r17178c/r19979c:QsAd|2h7s/ThJdJs/2s/4s:-19979|19979:Bob|Alice
STATE:248:r7950c/r16931c/cr17421c/r18375r19909c:Tc5d|4dKs/4cTsJc/3d/9c:19909|-19909:Alice|Bob
STATE:249:r13415c/cc/r18568c/cr18989c:7c2d|Ks5s/4sAh9h/Qc/6c:-18989|18989:Bob|Alice
STATE:250:r12889c/cr14859r19684c/cr19885r20000c/:7h2c|Qd5h/Ah6dTc/Qs/4d:-20000|20000:Alice|Bob
STATE:251:cc/r8334c/cr15753r20000f:Jh4c|AcTs/3d3c2d/9d:15753|-15753:Bob|Alice
STATE:252:r8120r16329r20000c///:3c3s|Qh5h/JhKhQc/2c/7c:-20000|20000:Alice|Bob
STATE:253:cc/cc/cr4045r9003c/r16413f:5s4s|KdTc/7s5c6h/Jh/2d:9003|-9003:Bob|Alice
STATE:254:cc/cc/cr6644r19128r20000f:2s5s|6h7c/2hTd6d/3h:-19128|19128:Alice|Bob
STATE:255:cr7150c/cc/cr14692c/cc:8hAd|5c8s/5h7h2h/7c/Tc:-14692|14692:Bob|Alice
STATE:256:cc/cr3964r18500r20000c//:7dJd|6s5d/Kh5s4s/Jc/2d:20000|-20000:Alice|Bob
STATE:257:cr7091f:9hJs|5c8d:100|-100:Bob|Alice
STATE:258:r14328c/cc/r17520c/cc:6dAd|6h7s/4dTs4h/3h/Kh:17520|-17520:Alice|Bob
STATE:259:r12244r20000c///:JhTc|9c4s/Qd3sTh/4c/7h:20000|-20000:Bob|Alice
STATE:260:r9200f:7h8s|5cJh:-100|100:Alice|Bob
STATE:261:cr8704r17617c/r18837c/cc/r19251c:JhKc|9c7s/3h7d9s/7c/4h:-19251|19251:Bob|Alice
STATE:262:r8788r18576r20000c///:8s7s|4cKc/4dKs2d/9h/5h:-20000|20000:Alice|Bob
STATE:263:r3323r12126c/cc/r18409r20000c/:9d2s|5sQh/KsTh9s/2c/3h:20000|-20000:Bob|Alice
STATE:264:r18224c/cc/r18802f:Jd2d|4dKc/7cKd2h/9c:18224|-18224:Alice|Bob
STATE:265:cr18465c/cr19994c/cc/cc:QhKh|9s6s/3sJcKs/2s/Kc:-19994|19994:Bob|Alice
STATE:266:f:7sTs|9d2h:50|-50:Alice|Bob
STATE:267:cc/r18235c/cr19538c/r19646c:3cTd|6dQc/5h2s3s/Ah/Js:19646|-19646:Bob|Alice
STATE:268:r9858r19917c/r20000c//:5c4s|9h4d/2dQsQd/9s/5s:-20000|20000:Alice|Bob
STATE:269:r18676r20000c///:3d7s|2d9h/TcQhTs/Js/5s:-20000|20000:Bob|Alice
STATE:270:r18121f:9s8h|AsTh:-100|100:Alice|Bob
STATE:271:f:JcJh|Th4d:50|-50:Bob|Alice
STATE:272:r2659r16262r20000c///:3s8h|Td5d/5s8sKh/7s/2s:20000|-20000:Alice|Bob
STATE:273:cr6462r19448c/cr19934r20000c//:7dQh|9dQd/Qc6sKh/Ad/2s:-20000|20000:Bob|Alice
STATE:274:f:9dKh|Tc2h:50|-50:Alice|Bob
STATE:275:cr15756r20000c///:As9d|Ad5s/Ac7cQc/5d/Ts:-20000|20000:Bob|Alice
STATE:276:r12976f:3c2c|ThAc:-100|100:Alice|Bob
STATE:277:cr12966c/r13763r19242r20000c//:Ts7h|Td3s/8cThAh/8d/3h:0|0:Bob|Alice
STATE:278:r6421r13030c/r15244f:Jd5d|3c5s/7d4h6s:13030|-13030:Alice|Bob
STATE:279:cc/r15735r20000c//:Kh3h|TsQc/Kd8s6s/4s/7d:20000|-20000:Bob|Alice
STATE:280:cr1117r9142r17208r20000c///:4h7h|8sQc/8hQdJd/3h/6c:-20000|20000:Alice|Bob
STATE:281:r2106r17672r20000c///:8sQs|4h6d/7sQhAh/Ts/Th:20000|-20000:Bob|Alice
STATE:282:cr13939c/r17362c/cr18129r19569c/cc:As3s|Ks5h/2s5dJh/9s/6h:-19569|19569:Alice|Bob
STATE:283:r14947c/cc/r15356c/cc:Js7c|9d3s/KcAs3d/5h/3h:-15356|15356:Bob|Alice
STATE:284:r4228c/cr15621c/cr17902c/r18957c:AhTc|7s2d/7d9hQs/3d/As:18957|-18957:Alice|Bob
STATE:285:r6082c/cr6632r10981c/cc/cr16694c:8h3d|6cQh/AsQdAh/8c/5d:-16694|16694:Bob|Alice
STATE:286:cr15918r20000f:Qs6d|8s5c:-15918|15918:Alice|Bob
STATE:287:r4057r16212c/cc/cr17093r18319r19716r20000c/:6c6d|8c8s/5dAhQc/3d/2s:-20000|20000:Bob|Alice
STATE:288:cr15873r20000c///:Ah9h|7c5c/6hKsQs/6c/2h:20000|-20000:Alice|Bob
STATE:289:cr18135c/r19549c/r19721f:Ac3c|TcKh/2d5c7s/8h:19549|-19549:Bob|Alice
STATE:290:cc/r16115c/r19587r20000c/:Td5d|6s4d/5s7dQd/Jd/7h:20000|-20000:Alice|Bob
STATE:291:f:9c7c|7s4s:50|-50:Bob|Alice
STATE:292:cr15214c/cc/r19399c/cc:8hQh|3c9h/AhTd4d/Th/7c:19399|-19399:Alice|Bob
STATE:293:cr2609r15483r20000c///:2d7c|8hKs/5c9cKc/6c/5s:20000|-20000:Bob|Alice
STATE:294:r16440r20000c///:5c3h|6cQc/2s8s8h/Js/Kh:-20000|20000:Alice|Bob
STATE:295:cc/cr3271c/r8266r17794c/r18942c:Ac2d|Td4d/9hKhAd/4c/Th:-18942|18942:Bob|Alice
STATE:296:cc/r7672r19680c/r19883c/cr19995c:3sQd|2cQs/5c6d3c/Qc/4d:-19995|19995:Alice|Bob
STATE:297:r17164c/cc/r18483r19944r20000c/:8c8h|QhQc/KhTsTd/2c/5h:-20000|20000:Bob|Alice
STATE:298:cr4197c/cr16680c/cc/cc:9c7c|7s6d/TsTdQc/Qh/7d:16680|-16680:Alice|Bob
STATE:299:cr15055c/cc/cr16359c/cc:7sKc|2dAd/Jd5dKh/3c/Ks:16359|-16359:Bob|Alice
STATE:300:r17149c/r18023r19089r20000c//:2cQc|KhJd/AsJsTc/Td/Qs:-20000|20000:Alice|Bob
STATE:301:cc/cr4798c/r10919c/cr11684r13494c:5dKd|Qc6h/3s9sJh/Tc/7d:13494|-13494:Bob|Alice
STATE:302:cr3196c/r8280r14116c/cc/cr19731r20000f:3sQc|9c6h/2h7dKd/6s/7c:19731|-19731:Alice|Bob
STATE:303:cr532r19930r20000c///:As7c|5hKc/3dTh8s/7d/Ks:-20000|20000:Bob|Alice
STATE:304:cc/cr16565c/cc/cr17456f:Js7c|2h6d/4s9c8d/Kc/7h:-16565|16565:Alice|Bob
STATE:305:cc/cc/r10462f:8h6d|2sAs/AdQcQd/Ah:100|-100:Bob|Alice
STATE:306:r12586r20000c///:JcKs|7s5d/9d3cQh/Jd/4s:20000|-20000:Alice|Bob
STATE:307:cr13730r20000c///:Js4s|2d7c/9h9s4d/7s/Tc:-20000|20000:Bob|Alice
STATE:308:cr4460r17613c/cc/r18801r19994c/r20000c:Th2h|Ac5d/Qs8cKh/Ad/9c:-20000|20000:Alice|Bob
STATE:309:r8916r19601f:7hKh|5sQc:8916|-8916:Bob|Alice
STATE:310:r3720c/r3843f:2h2c|5d6c/Kh7h6d:3720|-3720:Alice|Bob
STATE:311:r15146r20000f:6cAd|QsJh:15146|-15146:Bob|Alice
STATE:312:cr593c/cr3878r14554r20000c//:7h8d|JsKc/7cJhTh/3c/Ah:-20000|20000:Alice|Bob
STATE:313:cc/r10440r20000c//:6dQh|3hQd/3d9h7s/8s/5c:20000|-20000:Bob|Alice
STATE:314:cc/r18289r20000c//:5d6c|TcAc/7s9s9h/4c/3d:20000|-20000:Alice|Bob
STATE:315:cr2926c/cc/r14367r20000c/:2c5d|Qs9c/Th4sJh/Jc/8d:-20000|20000:Bob|Alice
STATE:316:r10395r20000c///:Qs2d|3s9d/Kh5c2c/Qd/Ts:20000|-20000:Alice|Bob
STATE:317:cc/r19413r20000c//:3h9c|2c4c/3cJh9s/6s/Ad:20000|-20000:Bob|Alice
STATE:318:r3692r18026r20000f:ThJh|Qc6c:-18026|18026:Alice|Bob
STATE:319:cr16163r20000c///:QdKd|9s8h/6hKc5s/3c/6c:20000|-20000:Bob|Alice
STATE:320:cr1662c/cc/cc/cr9375f:5d3h|8cQc/Th7d5h/4s/Jc:-1662|1662:Alice|Bob
STATE:321:r15911c/cr17723c/cr19046c/cc:Td9d|7s4h/3h2hJs/Th/Ad:19046|-19046:Bob|Alice
STATE:322:r3887c/r7708r15011c/cr18014r20000c/:Js6c|Kh7d/6sAsQh/7s/7c:-20000|20000:Alice|Bob
STATE:323:cr17411r20000c///:Kc8c|7s9c/Js8h3h/Kd/Jc:20000|-20000:Bob|Alice
STATE:324:cr2695r15793r20000c///:Qd7h|Qs4s/Ts4dJd/9h/5h:-20000|20000:Alice|Bob
STATE:325:r15583c/cr18448c/cc/r18789c:Jh7d|2d9d/QcAd7h/Th/Td:18789|-18789:Bob|Alice
STATE:326:r1074c/cc/r15439r20000c/:3h5h|2c4d/8sKdAs/Qs/Js:0|0:Alice|Bob
STATE:327:f:KhQc|QhAh:50|-50:Bob|Alice
STATE:328:cc/r6137c/cc/cc:2h8h|QhAs/Kd8c5d/7s/Kc:6137|-6137:Alice|Bob
STATE:329:cr6431c/cc/r11482c/r13289c:AsTd|Tc3c/TsJhAd/Qh/Kh:0|0:Bob|Alice
STATE:330:r12124r20000c///:AsQd|7c3s/8d7h6c/3h/Qs:-20000|20000:Alice|Bob
STATE:331:r11719r20000c///:8cAc|As3h/9c4s5c/8d/3c:20000|-20000:Bob|Alice
STATE:332:r17688r20000c///:Js4h|6h7d/2s8h3h/8c/Kc:20000|-20000:Alice|Bob
STATE:333:r9042f:8cKh|3h9s:-100|100:Bob|Alice
STATE:334:r468r14042c/cr16449r19988r20000c//:Td4h|8c8h/7d5dJd/Kh/5s:-20000|20000:Alice|Bob
STATE:335:cr12922c/cr18018r20000c//:7h3d|JsAh/9dQsAc/Jd/Kc:-20000|20000:Bob|Alice
STATE:336:r8217r16723r20000c///:Td6s|8cQs/9s2cQd/Ah/3h:-20000|20000:Alice|Bob
STATE:337:cr12964r20000c///:AdKc|Ah7d/Kd6h2d/6c/5d:20000|-20000:Bob|Alice
STATE:338:cr11984r20000c///:7dKc|6c3s/7s8d6h/9s/5s:0|0:Alice|Bob
STATE:339:r2145c/cr10353r19312r20000c//:3d4d|9d4c/9h7d8s/2d/Qs:-20000|20000:Bob|Alice
STATE:340:cc/r17710r20000c//:7hJc|4c2d/TcKh8s/Th/9s:20000|-20000:Alice|Bob
STATE:341:r16395c/cc/r18422c/cc:7dQh|8s9s/Qs9c4d/Jh/6c:18422|-18422:Bob|Alice
STATE:342:cc/cc/r19951r20000c/:5d3d|7cJs/4d2c6h/Kh/5c:20000|-20000:Alice|Bob
STATE:343:r9759c/cc/cr13201c/r14369c:4cKd|4h7c/7hQdKh/9h/4s:14369|-14369:Bob|Alice
STATE:344:cr1429r4651r14998f:3sJh|9cTs:4651|-4651:Alice|Bob
STATE:345:cc/r17176r20000c//:8dTh|Td7h/3cJc5c/6h/Qh:20000|-20000:Bob|Alice
STATE:346:cc/cc/cr1977c/r2819c:Td4c|JdQc/JcQh5s/5h/3h:-2819|2819:Alice|Bob
STATE:347:r605c/r15892r20000f:6s3c|JdQc/7sTsKh:-15892|15892:Bob|Alice
STATE:348:cc/r5713f:5hKc|3c8d/2h6c2s:100|-100:Alice|Bob
STATE:349:r14654c/r15617c/r19209r20000f:Ts8d|AdTd/6c6s9h/6h:-19209|19209:Bob|Alice
STATE:350:cc/cc/r7315r19587r20000c/:QcJs|Ks4h/2s3hKc/3d/9c:-20000|20000:Alice|Bob
STATE:351:cr11148c/r16311r20000c//:Jd2c|Td6s/3h5c8h/7h/As:20000|-20000:Bob|Alice
STATE:352:r423r17966c/r19280c/r19405c/cc:3h6s|5sAc/8hAs2d/Js/Qh:-19405|19405:Alice|Bob
STATE:353:r8859c/cc/r8985r10023r18115r20000c/:8s6h|4hTc/4s6d5h/4c/2s:-20000|20000:Bob|Alice
STATE:354:cc/r15351r20000c//:As8s|2s2d/5s3sJd/8c/Qs:20000|-20000:Alice|Bob
STATE:355:r13777r20000c///:8c9s|Jh9h/3hQh2c/Td/Kc:-20000|20000:Bob|Alice
STATE:356:r5536r17601r20000c///:7c5d|2dJd/6cKdTc/8c/6d:-20000|20000:Alice|Bob
STATE:357:r4846c/r17340r20000c//:5h4c|4s3d/4d3c3s/Kd/6c:-20000|20000:Bob|Alice
STATE:358:cc/r17376c/r17708r19570f:Js4c|Jh7c/JcQs6h/6d:-17708|17708:Alice|Bob
STATE:359:cc/cr13475r20000c//:7d5s|6c9h/Kh7c3c/5c/9s:20000|-20000:Bob|Alice
STATE:360:r8272r18983c/r19871c/r19998r20000c/:JdJs|9c3c/5sQc2d/7d/4c:20000|-20000:Alice|Bob
STATE:361:r19531c/r19992r20000c//:8cJc|Kd7s/6dAdAs/9s/8h:20000|-20000:Bob|Alice
STATE:362:cc/r12291c/r18360r20000c/:KsAh|7s8s/TsJc9h/3d/7c:-20000|20000:Alice|Bob
STATE:363:r7735r17465c/r18278c/cc/r18457r19739c:Td2h|9d3h/5cJsAh/Tc/9c:19739|-19739:Bob|Alice
STATE:364:cc/r15713c/r16017c/cr16326f:QdTh|9dAd/Ks7d5d/4d/5s:-16017|16017:Alice|Bob
STATE:365:cr15371r20000f:TcJd|6d2c:-15371|15371:Bob|Alice
STATE:366:cc/cr19760c/r19915c/cc:6d2h|2c5d/Qs8h6s/7h/2s:19915|-19915:Alice|Bob
STATE:367:r2687c/r5413c/r19191c/r19523c:3h8c|9s8s/3dKd6s/Kc/2s:19523|-19523:Bob|Alice
STATE:368:r4116r17556r20000c///:6d3d|TdQh/4h9cJh/Ac/4d:-20000|20000:Alice|Bob
STATE:369:r10427r20000c///:2sKd|4dJd/Qd2d6s/6c/Tc:20000|-20000:Bob|Alice
STATE:370:cr16577r20000c///:9dTh|7dJc/2s4c9s/4d/As:20000|-20000:Alice|Bob
STATE:371:r11229c/cr19627r20000f:6h9c|9d8c/6cJs7s:19627|-19627:Bob|Alice
STATE:372:cr12800r20000c///:6dJc|Ah8d/8c9h3s/2d/Qc:-20000|20000:Alice|Bob
STATE:373:cc/cc/cr7772c/cc:Qs2c|7cTc/6hKsKh/9s/Td:-7772|7772:Bob|Alice
STATE:374:r15208r20000c///:As7h|8dAh/6dThTc/Jc/Qc:0|0:Alice|Bob
STATE:375:r8111r17699r20000c///:6s6d|Ts7c/Tc3hKd/5d/7d:-20000|20000:Bob|Alice
STATE:376:cc/cr18262f:9s8c|Ac6s/7s8sQc:-100|100:Alice|Bob
STATE:377:r9174r19154r20000c///:9hTd|Ts8c/2d5c7d/9s/Th:20000|-20000:Bob|Alice
STATE:378:cc/cr805r8225r17853r20000f:8hQh|4h5c/2s3d5h:17853|-17853:Alice|Bob
STATE:379:f:9s8c|Js9c:50|-50:Bob|Alice
STATE:380:cr10990c/r14619r19805r20000c//:5d8d|Kh5h/5sTsAc/As/2d:-20000|20000:Alice|Bob
STATE:381:r13763c/cc/r19035c/r19761c:7c7d|KsQh/QsJs7h/Kc/As:19761|-19761:Bob|Alice
STATE:382:cr7418c/cr11237c/r13167r17678c/r19161c:JdJc|6s9s/KcTh3c/7c/7d:19161|-19161:Alice|Bob
STATE:383:r7717r18869c/r19160c/cr19664c/cc:8d5c|5h5d/8h2h4h/Qs/Js:19664|-19664:Bob|Alice
STATE:384:r18940c/r19307r19998r20000c//:8c4c|8hAh/5c4d8d/6s/2s:20000|-20000:Alice|Bob
STATE:385:r16600f:3h2c|9sAs:-100|100:Bob|Alice
STATE:386:r13344c/cr13597c/r19999c/r20000c:2c9h|3hQs/8cAhTh/7s/7d:-20000|20000:Alice|Bob
STATE:387:cr17842f:Jc9h|3h6h:100|-100:Bob|Alice
STATE:388:r9017r18578c/r19614c/cr19743c/r19863r19984r20000f:Th4h|5s7d/Ts6dKh/6s/5c:19984|-19984:Alice|Bob
STATE:389:r2060c/r3930c/r15832c/cr18370c:9sJh|2h2c/6h3dAh/Td/5h:-18370|18370:Bob|Alice
STATE:390:r13284r20000f:8h2s|2hKs:13284|-13284:Alice|Bob
STATE:391:f:5s7c|3s2h:50|-50:Bob|Alice
STATE:392:cr14250f:Td8c|9s7d:100|-100:Alice|Bob
STATE:393:r6530c/cc/cc/r6827c:7cJc|8c8d/3sTdQc/6d/Ts:-6827|6827:Bob|Alice
STATE:394:cr10770c/cr18628c/cr19516r20000c/:6h7s|8h6d/4hJs3h/Jc/6s:-20000|20000:Alice|Bob
STATE:395:cr4476f:Jc3s|8h9s:100|-100:Bob|Alice
STATE:396:r10449r20000c///:3hJs|Kh2d/Qd7s7d/4s/9h:-20000|20000:Alice|Bob
STATE:397:f:KsTs|Qh5d:50|-50:Bob|Alice
STATE:398:r17421r20000f:8cJd|4c4d:17421|-17421:Alice|Bob
STATE:399:cr18949c/r19908c/cc/cr20000c:4s7d|5d5s/9h8h9s/3d/2s:-20000|20000:Bob|Alice
STATE:400:cc/cc/cc/r4535c:3hAc|AhKd/Jd7s2d/Js/Qs:-4535|4535:Alice|Bob
STATE:401:cr12097r20000c///:7cQs|JcKd/4hJd4d/4s/5c:-20000|20000:Bob|Alice
STATE:402:r8399r18963r20000c///:Qh3c|Js5s/6d9hKd/Jd/8c:-20000|20000:Alice|Bob
STATE:403:r16012r20000c///:Ks6h|Qh8d/JsKhTd/As/5h:-20000|20000:Bob|Alice
STATE:404:cr19572c/r19720c/r19857c/cc:Qc5c|9sKh/Ah5h2d/Kd/3c:-19857|19857:Alice|Bob
STATE:405:r15728c/r17963c/r18996r20000c/:2h4d|8s8c/5cQs3c/3d/Kc:-20000|20000:Bob|Alice
STATE:406:cc/cr11280r20000c//:3h9c|4d7h/Jc4c6s/Qs/8h:-20000|20000:Alice|Bob
STATE:407:cc/r10306r20000c//:3d8h|4sAh/TdQs4c/Ac/7d:-20000|20000:Bob|Alice
STATE:408:f:Td9s|9c7d:50|-50:Alice|Bob
STATE:409:cc/cr1922c/cc/r14453r20000c:7s2h|9sKd/6s3h8d/2d/Ah:20000|-20000:Bob|Alice
STATE:410:cr3736r9126r16557r20000f:2d6c|Jc7s:-16557|16557:Alice|Bob
STATE:411:f:8c4h|9h7d:50|-50:Bob|Alice
STATE:412:r10834r20000c///:3d5d|Kd2h/9d5cQd/Ac/Qs:20000|-20000:Alice|Bob
STATE:413:r14107r20000c///:6d6c|4s2c/2s7hQc/Kh/7c:20000|-20000:Bob|Alice
STATE:414:cc/cc/cc/r19714r20000f:5sQs|4s2c/6sKsAh/Ad/9h:-19714|19714:Alice|Bob
STATE:415:r7561r15169f:Jd4s|8s2c:7561|-7561:Bob|Alice
STATE:416:r6893c/r18839r20000c//:AsJs|3h5h/QdKd6h/Jc/Th:20000|-20000:Alice|Bob
STATE:417:r15097r20000c///:Qd7s|Kc2d/Ac4d9s/9c/Qc:20000|-20000:Bob|Alice
STATE:418:r6807c/r14735r20000c//:8hQd|3c6h/JsTs6d/Kc/Ac:20000|-20000:Alice|Bob
STATE:419:f:2d8c|Ks8s:50|-50:Bob|Alice
STATE:420:cc/r13715c/r16898r20000c/:4sJd|JsKs/5d2s3h/Qs/6s:-20000|20000:Alice|Bob
STATE:421:cc/r2909c/cc/cr7224c:TcTh|2h5c/Qc3c7d/Ad/Td:7224|-7224:Bob|Alice
STATE:422:r5919r15728r20000c///:8cKh|5cKd/Tc7dTs/Th/5d:-20000|20000:Alice|Bob
STATE:423:f:Ah9h|8d5d:50|-50:Bob|Alice
STATE:424:r4522r12404r20000c///:3h6d|5cQc/TdJh4s/6s/Tc:20000|-20000:Alice|Bob
STATE:425:f:4d5c|9d6c:50|-50:Bob|Alice
STATE:426:cr2377r17174r20000c///:7sTh|4sAs/4d9cQs/Ts/6d:20000|-20000:Alice|Bob
STATE:427:cc/r11749c/r18625r20000c/:Jc5d|Qs5h/KdJdJh/9d/Tc:-20000|20000:Bob|Alice
STATE:428:r575r4983c/cc/cr7139r12861r18994r20000c/:4s2s|Js3h/TdQh2h/5s/Th:20000|-20000:Alice|Bob
STATE:429:r17909c/cc/r19156c/cr19873c:3s8c|9c5d/5s4d7s/Tc/2h:-19873|19873:Bob|Alice
STATE:430:cr10792r20000c///:5d4d|2cKc/Kh2sQs/9c/3h:-20000|20000:Alice|Bob
STATE:431:r19593c/cc/cr19777r19977c/r20000c:7d8s|ThJh/7h7cTd/4d/3s:20000|-20000:Bob|Alice
STATE:432:r10942r20000f:Qd5s|AcTd:10942|-10942:Alice|Bob
STATE:433:cr18453c/cc/cr19180c/r19595f:9cAh|3h5h/JhQh5c/Jc/Qc:19180|-19180:Bob|Alice
STATE:434:r19723r20000c///:2sTs|Qh8s/6s2d9d/6c/Ah:20000|-20000:Alice|Bob
STATE:435:cc/cr3187c/r5971c/cc:2h5c|JsQs/7s5sQh/3h/6s:-5971|5971:Bob|Alice
STATE:436:f:Ah9d|JcAs:50|-50:Alice|Bob
STATE:437:r1358r3716r15489r20000c///:Qc2d|Kh3h/6h6c5h/9h/7d:-20000|20000:Bob|Alice
STATE:438:r2684c/r19958r20000c//:7dKd|5cQc/6cJhJc/4s/8d:20000|-20000:Alice|Bob
STATE:439:r281c/r653c/cc/cc:Ts3s|Th2c/2d2s4c/3d/7c:-653|653:Bob|Alice
STATE:440:cr19863r20000c///:Jd8d|8c3h/QhJs2d/Td/6d:20000|-20000:Alice|Bob
STATE:441:f:Jc6c|JdQs:50|-50:Bob|Alice
STATE:442:cr16347r20000c///:4s3s|2hAh/QdKh9d/Tc/Kc:-20000|20000:Alice|Bob
STATE:443:r10137c/r15255c/r18490r20000c/:Ah2d|Qc9h/Kc8d4h/Ks/Qh:-20000|20000:Bob|Alice
STATE:444:r1555c/r13970r20000c//:KdTc|9d6s/Js4c8s/8d/4s:20000|-20000:Alice|Bob
STATE:445:r16851c/r19795c/r19972r20000c/:6cKc|5sJs/7s7c2c/3c/8s:20000|-20000:Bob|Alice
STATE:446:cr2525r10461r19901c/cr20000c//:Kd5s|6hJc/JhAd3c/Tc/Ah:-20000|20000:Alice|Bob
STATE:447:cc/r14026r20000c//:AcJh|As6h/5d2s7s/8c/Qs:20000|-20000:Bob|Alice
STATE:448:r3843c/cr5997f:8c7d|4dQs/4h8dAh:-3843|3843:Alice|Bob
STATE:449:r11200c/cr17865c/cr19262r20000c/:Td5d|KcAh/5c7cJh/9c/8d:20000|-20000:Bob|Alice
STATE:450:cr11909c/r19342r20000c//:Jd4c|5c7d/JcJhTs/Kh/Qh:20000|-20000:Alice|Bob
STATE:451:cr15254c/cc/cc/r18728c:Th5h|6dKs/9hAc4d/9c/9s:-18728|18728:Bob|Alice
STATE:452:f:Kh8c|3dTd:50|-50:Alice|Bob
STATE:453:f:Qd5h|Ah8s:50|-50:Bob|Alice
STATE:454:cc/r14503r20000c//:9s3c|7cQc/9hTdKs/Ts/Qh:-20000|20000:Alice|Bob
STATE:455:cc/cr10781r20000c//:5sAs|TdTc/4d2dJc/8d/Th:-20000|20000:Bob|Alice
STATE:456:cc/r11787f:KsKd|8cTh/2d6c2c:100|-100:Alice|Bob
STATE:457:r8259r16551r20000c///:9c6h|Qd7d/4sKhJc/9s/Ac:20000|-20000:Bob|Alice
STATE:458:cr11135r20000c///:5c9h|9d5d/6cTh3d/Qh/4s:0|0:Alice|Bob
STATE:459:f:8sAd|3hJh:50|-50:Bob|Alice
STATE:460:r7045c/r7292c/cr11155c/cc:8sJc|5d7d/Jh7c5h/Ad/7h:-11155|11155:Alice|Bob
STATE:461:r418c/r11474r20000c//:5c4h|KdJc/Js6h3s/Tc/Ac:-20000|20000:Bob|Alice
STATE:462:r12695r20000c///:7sJc|4h2s/2hQs5h/2c/7d:-20000|20000:Alice|Bob
STATE:463:cr17489r20000c///:Ah4d|3cKs/2s4sJc/8c/Qh:20000|-20000:Bob|Alice
STATE:464:r5606c/cr9148c/cc/cr15964c:Kc7h|5h7d/Js9c5s/8d/4h:-15964|15964:Alice|Bob
STATE:465:cc/r15487c/cc/cc:2cTs|6c3c/5cAcQc/Th/Qd:-15487|15487:Bob|Alice
STATE:466:cr15341c/r18874c/r19206c/r19951r20000c:9s9h|JsAd/5s6c4d/8d/Kc:20000|-20000:Alice|Bob
STATE:467:cr985r7352c/r10955c/cc/r17947c:8h9s|Kd6d/3dTh9c/Jc/Ad:17947|-17947:Bob|Alice
STATE:468:cr19467c/r19579c/cc/r19754c:Qc3c|2s8c/Jc4h6d/7h/Ac:19754|-19754:Alice|Bob
STATE:469:r17983r20000c///:4h9c|Qh3d/5h7sJd/2c/Td:-20000|20000:Bob|Alice
STATE:470:f:5cTs|7h9s:50|-50:Alice|Bob
STATE:471:r11520c/cc/r13227r17943c/cc:JhTh|3s9h/6cKs4h/2d/Qs:17943|-17943:Bob|Alice
STATE:472:r12773r20000c///:8sQc|Kh7c/5dAh8c/9h/4c:20000|-20000:Alice|Bob
STATE:473:cc/cr415c/r3984c/cr10944r19970c:4sKd|4d5c/8s5s9d/Ah/Qs:-19970|19970:Bob|Alice
STATE:474:cr13846r20000c///:7dJh|3hTh/2d8hTc/Kh/Td:-20000|20000:Alice|Bob
STATE:475:cc/r18137c/r19265c/r19663c:4sKs|6h7c/Ts2dTc/2s/Kc:19663|-19663:Bob|Alice
STATE:476:r7974c/r10061c/r12390c/cc:Qc4c|4h7c/8d3c9d/Qh/Td:12390|-12390:Alice|Bob
STATE:477:r12646r20000c///:8s5s|5hAc/Td9hJs/6d/Kh:-20000|20000:Bob|Alice
STATE:478:r3546c/cc/cr17045c/r18420r19903r20000c:Td8c|4c2d/Qh8d2c/Qc/Js:20000|-20000:Alice|Bob
STATE:479:cr3495c/r19822c/cc/cc:9h6s|5hTd/Qd7c5d/Kh/3s:-19822|19822:Bob|Alice
STATE:480:r15821r20000c///:9h6h|Kc2d/8d5cKd/Th/6c:-20000|20000:Alice|Bob
STATE:481:r7902c/cc/r19362r20000c/:2sQc|2d8s/As5hKc/8c/Jc:-20000|20000:Bob|Alice
STATE:482:cr2861c/r14952c/cr17635r20000f:AdTd|7h5d/Kd6c3c/7s:17635|-17635:Alice|Bob
STATE:483:r1770c/cc/cc/cc:5c5h|3c3h/4h5d4c/Td/7h:1770|-1770:Bob|Alice
STATE:484:r2218c/r15573c/r18574c/cr19899r20000c:5cQh|QsTc/4s7hTd/4c/2h:-20000|20000:Alice|Bob
STATE:485:r14150r20000c///:As4h|9cQs/2s8d7h/Jc/2c:20000|-20000:Bob|Alice
STATE:486:cc/cr11564r20000c//:5s8s|5d6c/2h9dKs/2c/Th:0|0:Alice|Bob
STATE:487:cr9598f:Kd6c|QdAs:100|-100:Bob|Alice
STATE:488:r6637c/cc/cr11618c/r11921r13076r18548r20000c:AhKc|3cKd/9c5cQs/3s/As:20000|-20000:Alice|Bob
STATE:489:r4560f:QhKc|9c2d:-100|100:Bob|Alice
STATE:490:cc/r14817c/r18323c/r19231r20000c:Qd3s|QcJc/Ac3dAs/2h/9c:20000|-20000:Alice|Bob
STATE:491:r4510r18986r20000c///:8d2h|Kh2s/Jd3c6h/8c/Ad:20000|-20000:Bob|Alice
STATE:492:cr4566c/cr17203r20000c//:Qh6c|5d4c/Td9sAc/5s/Jh:-20000|20000:Alice|Bob
STATE:493:r19509c/r19661f:Ac9d|2h3c/Kd7c4c:19509|-19509:Bob|Alice
STATE:494:r15489c/r16614c/cr19258c/cr19725c:QdJc|7hTh/3cAd9s/3s/Js:19725|-19725:Alice|Bob
STATE:495:r14182c/cc/r16457c/cc:Ac6h|7c2c/KcAd3c/6s/4c:-16457|16457:Bob|Alice
STATE:496:r8158f:4s6s|7d2c:-100|100:Alice|Bob
STATE:497:cc/r2364r17200r20000c//:Jd9h|7h3s/6s3h4h/Qc/3c:-20000|20000:Bob|Alice
STATE:498:cc/cc/r18932r20000c/:4d5d|7s9d/6dQs3d/Ah/7d:20000|-20000:Alice|Bob
STATE:499:f:2c9c|KhQs:50|-50:Bob|Alice
STATE:500:r3500r11888r20000c///:9d2d|Th6h/4s3s6s/Jh/Js:-20000|20000:Alice|Bob
STATE:501:cr6300r15897c/r19723c/r19949r20000c/:3h5c|Qc9c/3cJhTc/6h/Js:20000|-20000:Bob|Alice
STATE:502:r7410r19955c/r20000c//:5s7h|9s3d/Kc9d8d/Js/4h:-20000|20000:Alice|Bob
STATE:503:r1309r6965r12662c/r15767c/cr19975c/r20000c:3c5c|Kd2h/AhTc3s/As/Qs:20000|-20000:Bob|Alice
STATE:504:cc/cc/r13173r20000c/:9dAd|6d7c/2c8cJh/4c/8d:20000|-20000:Alice|Bob
STATE:505:cc/r9448c/r10783r19674r20000c/:3c8h|Jh7c/Ac4d7d/5c/6h:20000|-20000:Bob|Alice
STATE:506:r11456r20000c///:9h6s|QcAc/AsJc2c/9d/Kc:-20000|20000:Alice|Bob
STATE:507:cc/r3846c/cc/r8538r17975c:4h4s|7dKh/5d9cQc/Js/7h:-17975|17975:Bob|Alice
STATE:508:r2377c/r12739r20000c//:6sJs|QhQc/6cTh3d/8s/9d:-20000|20000:Alice|Bob
STATE:509:r3718c/cr7350c/cr16505r20000c/:8cKd|5dJs/4d9s8d/Ah/Jd:-20000|20000:Bob|Alice
STATE:510:r8678r17647c/r19850r20000c//:Qd5h|Ts4s/3sAcTc/2s/Qs:-20000|20000:Alice|Bob
STATE:511:cc/r19928c/r20000c/:Qh8h|9s5s/6s4c3h/9c/8d:-20000|20000:Bob|Alice
STATE:512:r3989c/r16115c/cr19116r20000f:6c9s|8cTc/Kc2s2c/6h:19116|-19116:Alice|Bob
STATE:513:cr869c/cc/cr8221r19779r20000c/:3hTh|2h2c/7cJd8s/Kd/2d:-20000|20000:Bob|Alice
STATE:514:r8881c/r12993r19053r20000c//:9d5d|QsTh/Jc4s6c/9s/Td:-20000|20000:Alice|Bob
STATE:515:f:2cJc|Qd5h:50|-50:Bob|Alice
STATE:516:r2144r4545r15922r20000c///:5c6c|JsAd/Ac8c5d/Qc/9s:20000|-20000:Alice|Bob
STATE:517:cc/cc/cc/cc:Kd3h|8sKc/Ah4c3d/Jc/Th:100|-100:Bob|Alice
STATE:518:r3714r11259r19758r20000c///:5c2h|ThTc/Jc8c6s/Td/4h:-20000|20000:Alice|Bob
STATE:519:cc/r6599c/r17638r20000c/:6c9d|2s3d/2h8dQs/Ts/8c:-20000|20000:Bob|Alice
STATE:520:cr3844r12622c/cr15011r18901c/r19016c/cc:2s9h|2c4d/6c5hJd/8h/3h:-19016|19016:Alice|Bob
STATE:521:cr18306c/r19772r20000c//:8d4d|JcTd/2h3d7s/2d/Js:-20000|20000:Bob|Alice
STATE:522:r19375c/r19733c/r19990r20000c/:Ac3s|TdJc/5c3c6d/Kc/Ah:20000|-20000:Alice|Bob
STATE:523:r1009r9342r19906r20000c///:3d7s|4d5h/8s9s3h/Tc/4s:-20000|20000:Bob|Alice
STATE:524:cc/r4919r13122r20000c//:3cJd|KdAs/Qh2hJh/2c/3s:20000|-20000:Alice|Bob
STATE:525:cr3267r6449f:AdKs|8cKd:-3267|3267:Bob|Alice
STATE:526:cr1712r10096r19482r20000c///:2s5d|ThQs/5hAdJc/Ts/Qh:-20000|20000:Alice|Bob
STATE:527:cc/r18981c/cr19573r20000c/:9h3h|AdJc/Td3s5d/2h/2c:20000|-20000:Bob|Alice
STATE:528:f:8h3d|4s5c:50|-50:Alice|Bob
STATE:529:f:KhQh|6c7h:50|-50:Bob|Alice
STATE:530:cc/cr15485c/cc/r17692r19909c:Kc2d|KsAd/Ah9d4s/7d/7h:-19909|19909:Alice|Bob
STATE:531:cr10051c/r13735r18562c/r19675c/cr19864c:7c6d|Ad7s/3sKc3h/7d/4c:-19864|19864:Bob|Alice
STATE:532:cr11182r20000c///:9h3d|6hQc/4hAhKh/4s/2d:-20000|20000:Alice|Bob
STATE:533:f:Kh2c|6sAh:50|-50:Bob|Alice
STATE:534:cr8387f:3h6h|3c7s:100|-100:Alice|Bob
STATE:535:r7919c/cc/cc/cc:Ah5h|8cAc/2h8h9s/Ts/Js:-7919|7919:Bob|Alice
STATE:536:r11784c/r16720c/cc/r17566r19483f:Qh9c|3h2d/Qd5dQc/Jh/Kh:-17566|17566:Alice|Bob
STATE:537:r1946r14490c/cr16419r18455c/cr19548c/cr19994c:8hJc|4hQc/Ks8cAs/Ts/2c:19994|-19994:Bob|Alice
STATE:538:r9195c/cc/cr18176c/cc:7d4d|2s6c/8c8sQc/Kc/Jc:-18176|18176:Alice|Bob
STATE:539:r12880r20000c///:4c5s|7h8d/9s9h8c/7c/Jh:-20000|20000:Bob|Alice
STATE:540:cr10882c/r15070r19602r20000c//:4d5s|6cTs/AhJd7d/7c/2c:-20000|20000:Alice|Bob
STATE:541:cc/cc/r9583c/cr17728r20000c:Th3s|6h4h/Td2cAh/Kh/7s:20000|-20000:Bob|Alice
STATE:542:cr10223r20000c///:8s8d|Qd3s/9h3d8h/5h/Ts:20000|-20000:Alice|Bob
STATE:543:cr3964r9918f:5h6c|Jh6d:-3964|3964:Bob|Alice
STATE:544:r9402c/r19853r20000c//:QcQh|6d3s/Jd4cTc/Td/9d:20000|-20000:Alice|Bob
STATE:545:r16083r20000c///:TdKc|8d5c/As9hAd/2d/2h:20000|-20000:Bob|Alice
STATE:546:r3479c/cr9284f:7s7d|QhAc/6dQs4c:-3479|3479:Alice|Bob
STATE:547:cc/cc/r1210c/cr6674c:Td6s|Ad6h/AhQd9d/Ts/3d:-6674|6674:Bob|Alice
STATE:548:cr3178c/cr15223c/r17557c/r19421c:6d2c|Kh8c/2hQc3h/5c/8s:-19421|19421:Alice|Bob
STATE:549:cc/r12820c/r15724r19334r20000c/:AhKc|JdKd/QdTh9c/Ad/Qc:-20000|20000:Bob|Alice
STATE:550:cc/cc/cr13341c/r19779r20000c:4cJd|QdAd/Td4s9s/Jh/8s:-20000|20000:Alice|Bob
STATE:551:cc/cr14396r20000c//:3dJh|9sQc/6h5c6c/7h/8s:-20000|20000:Bob|Alice
STATE:552:f:Kh4s|8c7h:50|-50:Alice|Bob
STATE:553:cc/cc/r2810r15124c/r18671r20000c:6cJd|3d2s/Ah6sTc/Kh/5c:20000|-20000:Bob|Alice
STATE:554:cr5911r19993r20000c///:5s2d|QdTs/Kd8h7d/8s/Kc:-20000|20000:Alice|Bob
STATE:555:cc/r4629c/r11941c/r17871r20000c:As2h|4sTc/2s7dKs/4h/Kh:-20000|20000:Bob|Alice
STATE:556:r10306r20000c///:5s9h|Qd7s/8h9d5c/Kc/As:20000|-20000:Alice|Bob
STATE:557:r6070r14856c/cr16556r18278r20000c//:4h5c|2cKd/7d7h6c/2h/8d:20000|-20000:Bob|Alice
STATE:558:f:2hKd|AsAd:50|-50:Alice|Bob
STATE:559:f:KcKd|7hJs:50|-50:Bob|Alice
STATE:560:r13186c/cr14239c/cc/r18983r20000c:9dJs|2d8s/QdQhAs/4h/9h:20000|-20000:Alice|Bob
STATE:561:r4189r11002r19086r20000f:2dTh|2sTs:19086|-19086:Bob|Alice
STATE:562:cr11212c/cc/r17581r20000f:3h8c|2s5s/9s4cKh/Qd:-17581|17581:Alice|Bob
STATE:563:cc/r9146c/cr15857r20000c/:9c5h|7d6d/4c6h9s/Jh/3h:20000|-20000:Bob|Alice
STATE:564:r16366c/cr17184c/r19743r20000c/:5h8h|2dAs/8cKs6h/Ts/Kc:20000|-20000:Alice|Bob
STATE:565:r12750c/cr16816r20000c//:4h3d|Jh8h/2c5s5h/6d/Td:20000|-20000:Bob|Alice
STATE:566:r3531c/r7256c/r10555c/r16049f:7cQc|3s8d/2s2h7h/5c/2c:10555|-10555:Alice|Bob
STATE:567:cc/cr12018r20000c//:5dKh|8s7s/As2sTc/3c/3h:20000|-20000:Bob|Alice
STATE:568:r11518r20000c///:7dKd|3c6s/QsQhAs/8d/Ks:20000|-20000:Alice|Bob
STATE:569:cr5618f:Ah4s|Ts6s:100|-100:Bob|Alice
STATE:570:cr18402r20000c///:Js7c|Tc8h/8cJh7d/5c/5h:20000|-20000:Alice|Bob
STATE:571:cr3677r19137c/r19841f:9sQc|8d7c/5d9c2d:19137|-19137:Bob|Alice
STATE:572:cc/r9869c/r15874c/r17999c:3dKd|8d5s/4cTcQd/3s/7h:17999|-17999:Alice|Bob
STATE:573:cc/r5152c/cr6749c/cc:Qc3c|9cTd/4sTh6s/6h/Js:-6749|6749:Bob|Alice
STATE:574:cr4701c/r7984c/r9098r11498c/r13670c:Js9h|Kh3c/QhJdAs/2d/2c:13670|-13670:Alice|Bob
STATE:575:cc/cc/cc/cr4117c:4s2c|6s8c/7h3s9c/2s/Js:4117|-4117:Bob|Alice
STATE:576:r13195r20000f:3s6h|6s8c:13195|-13195:Alice|Bob
STATE:577:r1491r7680f:3dTs|Tc7d:1491|-1491:Bob|Alice
STATE:578:r7317r18977c/r19524c/cc/cr19877c:2d5c|3cQc/6sKs6h/Qd/5h:-19877|19877:Alice|Bob
STATE:579:r645c/r18976c/cr19679r20000c/:3h7d|9d6s/9c8sTd/4h/Qc:-20000|20000:Bob|Alice
STATE:580:r2288c/r5553c/r16791c/r18594c:4dQh|8c5c/9hKc2d/9d/Qs:18594|-18594:Alice|Bob
STATE:581:cc/r16376c/r17515c/r18127c:Qc4d|8c7d/Qd8hTh/4s/5s:18127|-18127:Bob|Alice
STATE:582:r3151c/r13079r20000c//:8dQs|3hQd/3cKc6d/Td/Qc:-20000|20000:Alice|Bob
STATE:583:r1703r12180c/cc/r12377c/cr19125r20000c:9h3d|9c5d/As7s2c/5h/2s:-20000|20000:Bob|Alice
STATE:584:cc/cc/r3407r14068r20000c/:Qh8h|7s4c/Tc3cJh/Js/Ts:20000|-20000:Alice|Bob
STATE:585:cc/r594c/r2363c/r18304r20000c:5h4s|9sQd/2c6d7d/Tc/6c:-20000|20000:Bob|Alice
STATE:586:cr3633c/cc/r8967r17411r20000c/:3h7s|Js5s/Th9cTd/9s/As:0|0:Alice|Bob
STATE:587:cr10343f:5cTc|4d3h:100|-100:Bob|Alice
STATE:588:cr8439r18552r20000c///:Qh8s|9s2h/4c3h7d/Kc/3s:20000|-20000:Alice|Bob
STATE:589:r16450r20000c///:Ad6s|Js8s/5dTs6c/9s/3d:20000|-20000:Bob|Alice
STATE:590:r15175c/cc/r18831r20000f:Jh8s|TcQs/4hJd3h/9s:-18831|18831:Alice|Bob
STATE:591:cc/r4511c/r5232r19239r20000f:7cTs|AhJs/9h3dQd/2h:19239|-19239:Bob|Alice
STATE:592:cr16263r20000c///:JcJh|KdAh/9dKc8d/4c/9c:-20000|20000:Alice|Bob
STATE:593:cc/r18885r20000f:Qs2c|Jd6s/Js3dKs:-18885|18885:Bob|Alice
STATE:594:cc/r8134c/r12917c/cc:6sQs|9dJh/7sAsTh/5c/5d:12917|-12917:Alice|Bob
STATE:595:r7182r18159f:6h8h|9h2d:7182|-7182:Bob|Alice
STATE:596:cr3751c/cc/r17996r20000c/:3sQc|4c2c/Ts8sTd/5s/Ah:20000|-20000:Alice|Bob
STATE:597:r3358c/cr14349r20000c//:7sQd|Ac6s/6h9dJc/Jh/Kc:-20000|20000:Bob|Alice
STATE:598:r2633r6463r15959r20000c///:3cJd|JsAs/9dAh9s/3d/Ks:-20000|20000:Alice|Bob
STATE:599:r17496r20000c///:3dTc|8s9s/KdKc2d/5d/Ts:20000|-20000:Bob|Alice
STATE:600:r13846c/cc/cr19099r20000c/:4h8d|4dKh/3s9h7d/9c/Kc:-20000|20000:Alice|Bob
STATE:601:r1894c/r4301r19516f:TsKh|Qh6h/Td9h8s:-4301|4301:Bob|Alice
STATE:602:cc/r747c/r19470r20000c/:4d3s|4sJh/8sTs5c/4c/As:-20000|20000:Alice|Bob
STATE:603:cc/cc/r18661r20000c/:6sJc|Kc3d/As5s7c/Td/9c:-20000|20000:Bob|Alice
STATE:604:f:Qs4s|8c6s:50|-50:Alice|Bob
STATE:605:r11561c/r17290r20000c//:Kh7c|5sQs/Kd6s2c/9c/2d:20000|-20000:Bob|Alice
STATE:606:cc/cr9838c/cc/cc:5hAh|8hTh/3s4sTd/6s/As:9838|-9838:Alice|Bob
STATE:607:r838r14806c/r17315r19835c/cc/cc:8dQh|6s8c/Tc9h2d/5h/3h:19835|-19835:Bob|Alice
STATE:608:r18473r20000c///:3h9d|3sAh/Qc7c8d/6s/Td:20000|-20000:Alice|Bob
STATE:609:cc/cr16363r20000c//:KsJc|6s4d/7cJd9s/6c/Td:20000|-20000:Bob|Alice
STATE:610:f:Qc7s|7d8s:50|-50:Alice|Bob
STATE:611:r2087c/cr3174r12258r20000c//:9h5d|2s3d/Th8c5c/Jd/Jh:20000|-20000:Bob|Alice
STATE:612:r2932r7064r19456r20000f:7cJc|TcQs:19456|-19456:Alice|Bob
STATE:613:f:3d9s|4s2d:50|-50:Bob|Alice
STATE:614:cr12489r20000f:KcQd|7hTd:-12489|12489:Alice|Bob
STATE:615:cc/cr12201c/cr15441c/cc:Td4h|8c9s/TcAs7d/Jh/9h:-15441|15441:Bob|Alice
STATE:616:cr6182r14367c/r15088c/r15736c/r16914r19011f:5h6h|Th3s/5dTd4s/Jc/Ah:-16914|16914:Alice|Bob
STATE:617:cr18901f:TdQd|Kd6s:100|-100:Bob|Alice
STATE:618:r7460c/cc/cr17116c/r18748c:AhQh|7cQd/QcKh2h/7h/2d:18748|-18748:Alice|Bob
STATE:619:r1325r8282c/r13754c/r16058c/r16450r18939c:2h7c|5hKs/AhJs5s/Th/2s:-18939|18939:Bob|Alice
STATE:620:r16490r20000f:8hKc|9s8s:16490|-16490:Alice|Bob
STATE:621:r4942r12991c/r19956c/cc/cc:9sTd|KdJs/3dQc3h/2h/4h:-19956|19956:Bob|Alice
STATE:622:r19083r20000c///:2s4c|Jd5c/8h4hQs/7h/4d:20000|-20000:Alice|Bob
STATE:623:cr13202c/cr19410c/r19894c/cr19997r20000c:Js9s|9d6h/8cAc8s/Ad/Ah:0|0:Bob|Alice
STATE:624:cr16327c/cr19924r20000c//:4hKd|7h8s/Ts7d4s/3h/8c:-20000|20000:Alice|Bob
STATE:625:r8077c/r16839c/cr17347r18530r19943c/cc:9h6c|4h7d/As8h3d/Ac/6s:19943|-19943:Bob|Alice
STATE:626:r16357r20000c///:AcQd|2s8c/Qs3hKs/Ah/9s:20000|-20000:Alice|Bob
STATE:627:r5981c/cc/r13560c/cr16279r19850c:9sAc|3cKh/Kc5s8h/2h/9h:-19850|19850:Bob|Alice
STATE:628:cr10370r20000c///:8d4c|5c8s/9dAs5h/2c/7h:-20000|20000:Alice|Bob
STATE:629:cr16400r20000c///:3hJc|2d5h/Jd2hKd/Qs/9d:20000|-20000:Bob|Alice
STATE:630:r3648r18416r20000c///:JsTs|QsAd/4d7d6c/Qh/9d:-20000|20000:Alice|Bob
STATE:631:cc/cr2343f:7s9h|Td8c/3dQh2s:-100|100:Bob|Alice
STATE:632:cr16409c/r16896r18773r20000c//:6d4s|8cTh/Td9c9d/Kd/Ah:-20000|20000:Alice|Bob
STATE:633:f:8c9c|Ah8s:50|-50:Bob|Alice
STATE:634:r13657r20000c///:8c6c|9dAs/8h2sJh/Td/Qh:-20000|20000:Alice|Bob
STATE:635:cr1996c/r3006r18368r20000c//:4h9c|KcAs/3dKd5s/8d/Js:-20000|20000:Bob|Alice
STATE:636:cc/cr16830r20000c//:Qc6c|2cTc/AhKdAs/Qs/Ac:20000|-20000:Alice|Bob
STATE:637:cc/r14035f:9dJd|Th9c/3hAs4s:100|-100:Bob|Alice
STATE:638:cc/r16036r20000c//:Ac3c|7d3s/4h6c8d/6s/9s:20000|-20000:Alice|Bob
STATE:639:r698c/cr1277c/cc/r17631r20000c:5dQh|8c4h/8s7h7c/Jh/2c:-20000|20000:Bob|Alice
STATE:640:r7459c/r18439r20000c//:7d8h|AsKs/3hJh4c/Th/8c:20000|-20000:Alice|Bob
STATE:641:r246r15862r20000c///:AsKd|AhTc/4c5h2s/2d/2c:20000|-20000:Bob|Alice
STATE:642:cr13046c/cr18455f:2sAd|3d6s/5h7h8d:-13046|13046:Alice|Bob
STATE:643:cr5625r16734r20000c///:8h2d|Kc8d/3c6dTh/6h/2h:20000|-20000:Bob|Alice
STATE:644:cc/r18683r20000c//:3sJd|3h5d/QsKd8s/4d/2d:20000|-20000:Alice|Bob
STATE:645:cc/cr8243f:9h8h|4dAd/2hQc5h:-100|100:Bob|Alice
STATE:646:r6250c/cr10804c/cr16999c/cr18634r20000c:Kd6h|9d4h/9c7s8h/Qd/8c:-20000|20000:Alice|Bob
STATE:647:r1024c/r19744r20000c//:JcTd|3hKd/Jh9dAd/9c/Tc:20000|-20000:Bob|Alice
STATE:648:cc/r19123r20000c//:KcKd|3c2s/3d6h7c/Jh/8c:20000|-20000:Alice|Bob
STATE:649:r8018c/r12706f:Ah5c|Kc5h/5sQs4s:8018|-8018:Bob|Alice
STATE:650:r3238c/cr17072r20000c//:9hJs|QhKh/3c2c7d/9d/9c:20000|-20000:Alice|Bob
STATE:651:cr14110r20000c///:5dQd|4h9h/Ac7hJc/Kh/Qs:20000|-20000:Bob|Alice
STATE:652:cc/r11757c/r17111c/cc:Jc4c|KdJh/7hKsTc/8d/9c:0|0:Alice|Bob
STATE:653:r11786c/cr19873r20000f:Kd8h|Tc5d/Qh6s7h:19873|-19873:Bob|Alice
STATE:654:cr16593c/r19793c/r19905r20000c/:6sJh|8hQc/9h4s7c/7s/As:-20000|20000:Alice|Bob
STATE:655:cr10857f:As6d|5h2s:100|-100:Bob|Alice
STATE:656:r8473r18995r20000c///:QhKs|9h5h/6d2d7h/Qc/4s:20000|-20000:Alice|Bob
STATE:657:r5535r15452c/r16591r18900c/cr19489c/cc:Ks3c|4h8s/JhKdQd/9s/Th:0|0:Bob|Alice
STATE:658:cr14057c/cr18784c/r19974r20000c/:QcQd|8d5s/7sAdTh/7c/2h:20000|-20000:Alice|Bob
STATE:659:r19949r20000c///:Kh2d|5d2h/TdAd6c/Jh/3s:20000|-20000:Bob|Alice
STATE:660:f:6sTc|4d9s:50|-50:Alice|Bob
STATE:661:f:5h3s|Jc9c:50|-50:Bob|Alice
STATE:662:r14764f:Ac7s|Kd3d:-100|100:Alice|Bob
STATE:663:r3386r10977c/cr12140f:3c8h|QhJd/9c4d6c:-10977|10977:Bob|Alice
STATE:664:r13636c/cr15255r18443r20000c//:6cAh|8h2d/7hQdQs/2h/3c:-20000|20000:Alice|Bob
STATE:665:r14465c/cc/cr17015c/cr19934f:3s7c|Tc7d/9cKd5c/Kh/7s:-17015|17015:Bob|Alice
STATE:666:cc/cc/r7736c/cr12541c:6s8d|7hKd/Td8sQd/Ah/2c:12541|-12541:Alice|Bob
STATE:667:cc/r19683c/r19963c/r20000c:4s7h|Jh7s/5d2s5c/4c/3d:20000|-20000:Bob|Alice
STATE:668:r13898c/cr19017c/cc/cr19213r19749r20000c:9sQh|3d5d/8h7hAc/6s/Td:20000|-20000:Alice|Bob
STATE:669:cc/r1493r12908r20000f:KsQc|Td7s/4s5s3s:12908|-12908:Bob|Alice
STATE:670:r13475r20000c///:8hQd|4h2c/4sTs7d/7s/Td:20000|-20000:Alice|Bob
STATE:671:f:KdAs|Ad3c:50|-50:Bob|Alice
STATE:672:r8244c/cc/cc/r14939c:9s5s|Qs7d/Qc7s8c/Ts/8s:14939|-14939:Alice|Bob
STATE:673:cr248c/cr13691r20000c//:6s4h|Ts9d/2dAc7s/9s/2c:-20000|20000:Bob|Alice
STATE:674:cr7362r18484c/r19663r20000f:8c2h|Td8s/4dKd9s:-19663|19663:Alice|Bob
STATE:675:cr12510c/cr15885r19649c/cc/r19959c:8cJd|Qd5d/QhQcAh/3d/9s:-19959|19959:Bob|Alice
STATE:676:f:Jh8c|7hJd:50|-50:Alice|Bob
STATE:677:cr1978c/cr11464c/r18060r20000c/:9s3s|8s5d/5c8d2c/9c/Ad:-20000|20000:Bob|Alice
STATE:678:r18165r20000f:Tc4h|6hAc:18165|-18165:Alice|Bob
STATE:679:cc/cc/r1897c/cr17945c:AcTc|Ah2d/8c2h9c/4h/Td:17945|-17945:Bob|Alice
STATE:680:cr19887r20000c///:Kh2s|4s4d/8dAc2c/5d/7c:-20000|20000:Alice|Bob
STATE:681:cc/r3014r7603r14971f:6d4c|Qh7c/3c7hKh:7603|-7603:Bob|Alice
STATE:682:cc/r398f:7c8h|7d2s/9dJhKs:100|-100:Alice|Bob
STATE:683:cc/cr6887r16040c/cr19195c/r19882c:2dTc|AhKd/4sJs3d/Ks/4h:-19882|19882:Bob|Alice
STATE:684:cr6585r15601r20000c///:3dAh|Kd8h/KsQs4c/4s/8d:-20000|20000:Alice|Bob
STATE:685:r7295r19412r20000f:4s6s|Qc7d:-19412|19412:Bob|Alice
STATE:686:r12185r20000c///:As4h|9s5c/Ks5hKh/8c/7h:-20000|20000:Alice|Bob
STATE:687:r18690r20000c///:JhTh|2hQh/6s5h2c/Ah/6d:-20000|20000:Bob|Alice
STATE:688:cc/cr9116c/r10541r13599c/r15967r18454r20000c:9h7s|6h6d/7d9dQc/Kh/4s:20000|-20000:Alice|Bob
STATE:689:cc/r5092r19009r20000c//:Ks8s|Qs4s/7hKh8c/3c/3s:20000|-20000:Bob|Alice
STATE:690:cr17697c/r19940c/cc/r20000c:7dQd|Td9s/6dTs3h/4s/6c:-20000|20000:Alice|Bob
STATE:691:cr3242r6996r12530c/r15756r19908c/cr20000f:2h5h|2d2s/TdJsAh/Jc:-19908|19908:Bob|Alice
STATE:692:r17958r20000c///:Js6d|3h5h/7hKh4c/Td/Qh:-20000|20000:Alice|Bob
STATE:693:cr12399c/r14616c/r18236c/r19321r20000c:6d5c|KsAd/Ts2h6h/5s/7d:20000|-20000:Bob|Alice
STATE:694:r10463r20000c///:2c3c|Qh7h/AsJs7d/Td/Kd:-20000|20000:Alice|Bob
STATE:695:r12347r20000c///:2c8d|8c8s/8h4d9s/9d/4h:-20000|20000:Bob|Alice
STATE:696:cc/cr17143r20000c//:7s5h|2hKs/KdQhJs/4s/Jd:-20000|20000:Alice|Bob
STATE:697:f:2h3d|JdKh:50|-50:Bob|Alice
STATE:698:cc/r1966r13850r20000c//:5dTs|8c7c/6d2dKs/Js/6c:20000|-20000:Alice|Bob
STATE:699:cr13619r20000c///:5h8s|8hQd/7c4c3c/Jc/2c:0|0:Bob|Alice
STATE:700:r10584c/cc/r15448r20000c/:6dQh|6cTs/7h3c7s/4h/3s:20000|-20000:Alice|Bob
STATE:701:r13305r20000c///:9c7c|4sJd/8s8cKd/7h/Ks:-20000|20000:Bob|Alice
STATE:702:cc/cc/cc/cc:2c7c|5h2h/3dTsAc/7s/Jc:100|-100:Alice|Bob
STATE:703:f:7h5d|KhKc:50|-50:Bob|Alice
STATE:704:r8040c/r15294c/r16734c/cc:3cJh|6h7d/Kh7cAc/8d/Th:-16734|16734:Alice|Bob
STATE:705:r7984f:JdTh|8sAc:-100|100:Bob|Alice
STATE:706:r7908r15869r20000c///:3cAh|5d6h/9s4c8c/Jc/3h:20000|-20000:Alice|Bob
STATE:707:r1679r17244f:Ah8h|QsAd:1679|-1679:Bob|Alice
STATE:708:r2638r8823c/cc/cr17737c/cr18088f:Ks3d|TsJd/8s8c6d/5d/Qh:-17737|17737:Alice|Bob
STATE:709:cr15226c/cc/r16926r18838r20000c/:5d9c|ThAd/Qc6c2s/8s/Ac:-20000|20000:Bob|Alice
STATE:710:r416f:4cTh|Js8d:-100|100:Alice|Bob
STATE:711:r3355r16246c/cr18311c/r18701r19743c/cc:6sJd|6h3d/Kd5dAc/Tc/6d:19743|-19743:Bob|Alice
STATE:712:cc/r6522c/cc/cc:Ks5d|8d2h/KhAs4c/8s/Kc:6522|-6522:Alice|Bob
STATE:713:cr14294c/cc/cr19752r20000c/:4hTc|4c5s/Js9sAs/4d/Ts:-20000|20000:Bob|Alice
STATE:714:cr12572f:2d5h|Th9c:100|-100:Alice|Bob
STATE:715:cc/cr6328r19459c/cr19682f:Ad3c|7h8h/4d7sJs/3h:-19459|19459:Bob|Alice
STATE:716:cr10124c/r11642c/cc/r17435c:As4s|Qd3d/7s3cKc/5c/9c:-17435|17435:Alice|Bob
STATE:717:cc/r3513f:Ad2c|As4d/3hAh9h:100|-100:Bob|Alice
STATE:718:r4851r13176r20000f:4sTd|Qh4h:-13176|13176:Alice|Bob
STATE:719:cc/cr11890r20000c//:3c7s|8s3s/Ts4c5c/Jc/9s:-20000|20000:Bob|Alice
STATE:720:r2452r5473r19961r20000f:7d2d|As9s:19961|-19961:Alice|Bob
STATE:721:cr12045r20000c///:Ad6h|Tc3s/9sTdQd/7d/Jh:-20000|20000:Bob|Alice
STATE:722:r10879r20000f:AcAh|Kc3c:10879|-10879:Alice|Bob
STATE:723:cc/cr3141r7470r12747c/r14265r18541c/r19105r19882r20000c:Td6h|Ts8c/5h8d2c/Ad/9h:-20000|20000:Bob|Alice
STATE:724:cr7183c/r9634c/r10550c/r10687f:Ad3h|Kc4d/As5cJh/8h/Js:10550|-10550:Alice|Bob
STATE:725:cr7703r15652r20000c///:8c6c|KsKd/Tc9hJs/7s/Jd:20000|-20000:Bob|Alice
STATE:726:cc/r1773r18407c/r19421c/r19901c:AhTs|3d8s/3c5h8h/Ad/2h:-19901|19901:Alice|Bob
STATE:727:r2771r10551c/cr14630c/r15571c/r16098c:3c9d|Jc4c/8c9hQh/Kc/Kd:16098|-16098:Bob|Alice
STATE:728:cc/r1292c/r4780r17712r20000c/:6d8d|3h9h/2s7dKc/3s/Kh:-20000|20000:Alice|Bob
STATE:729:r2677c/r11539r20000c//:5d5h|6d2h/4d6h3s/Ad/6s:-20000|20000:Bob|Alice
STATE:730:r13129r20000c///:ThAd|QsAh/AcKh3d/3c/7d:0|0:Alice|Bob
STATE:731:cr18614c/r19602r20000c//:9s2h|Jd9h/Ad5cAc/8c/4d:-20000|20000:Bob|Alice
STATE:732:cr15011r20000c///:5dKs|Qc5c/Jd8h9h/Qd/3s:-20000|20000:Alice|Bob
STATE:733:r15350c/cr18230c/cc/r19578r20000c:As4c|5s5h/Tc6cQs/6h/6s:-20000|20000:Bob|Alice
STATE:734:r9471c/r14129c/r15563c/cc:Ac5c|9sJh/2dJc5d/7c/Kh:-15563|15563:Alice|Bob
STATE:735:cc/cr9030c/cr17375c/cc:JsKh|7dKd/4h2sAc/4d/8s:17375|-17375:Bob|Alice
STATE:736:r4198r16523c/r16970c/cr17098c/r19159r20000c:3dJd|9h8c/Jh5d9s/3h/Ks:20000|-20000:Alice|Bob
STATE:737:r647c/r2529c/cr17751r20000c/:5h9s|7d8d/4dAdTc/Js/2s:20000|-20000:Bob|Alice
STATE:738:r5742r15707c/cc/r16974r19427r20000c/:7sAh|8hJc/6s4c2c/9h/2h:20000|-20000:Alice|Bob
STATE:739:cc/cr3286c/r5656c/r14687c:Ac9c|6s2d/KcKd4c/6d/Ad:14687|-14687:Bob|Alice
STATE:740:cc/cr15092r20000c//:6s5s|KhTd/KsJc4s/9h/7d:-20000|20000:Alice|Bob
STATE:741:cc/r18773c/cc/r18911r19123c:Th6h|3c9h/4dJh4s/Kd/5d:19123|-19123:Bob|Alice
STATE:742:cc/r3769f:AcQh|Ts7c/2hAd7d:100|-100:Alice|Bob
STATE:743:cr2902r18909c/cr19077r19426c/r19607c/cr19904r20000f:Ks9d|9hAs/Kc6c5h/Ad/Kd:19904|-19904:Bob|Alice
STATE:744:r13344r20000c///:8h3c|5dQd/4d3h6h/2s/Ad:-20000|20000:Alice|Bob
STATE:745:cc/cr8325r18533r20000c//:9d8h|QdKs/Jh6c9s/2d/3s:20000|-20000:Bob|Alice
STATE:746:cc/r16965r20000c//:2c3h|JcKs/KdTdTc/2s/9s:-20000|20000:Alice|Bob
STATE:747:f:QcTs|As4h:50|-50:Bob|Alice
STATE:748:r4340r11864c/cr11974f:As2d|Qs9s/2sThQd:-11864|11864:Alice|Bob
STATE:749:r6494r17928c/r18294c/r19662c/cc:Th8d|7h3d/4cQs5c/Ad/6c:-19662|19662:Bob|Alice
STATE:750:r17700r20000c///:9cKh|4d8c/6s9h6c/7c/5d:-20000|20000:Alice|Bob
STATE:751:r9204r18821r20000c///:8dQc|QsTh/Jc3sAc/3d/4h:0|0:Bob|Alice
STATE:752:r2765c/cc/r16034c/cc:3s4c|5c9d/As3h3c/2h/4s:16034|-16034:Alice|Bob
STATE:753:cr634r11268r20000c///:8cKs|4sQc/6sJh4h/6c/Th:-20000|20000:Bob|Alice
STATE:754:cc/cc/cr9323r18916r20000c/:8d5c|6s6c/TsAhKc/Qs/Qd:-20000|20000:Alice|Bob
STATE:755:r6286c/r19372c/r19561r19927r20000c/:Ah9h|QcTs/Kh3h3s/Kd/2h:20000|-20000:Bob|Alice
STATE:756:cc/r1230r18288r20000c//:Ts7d|Kd9s/5s8d5h/6s/9d:20000|-20000:Alice|Bob
STATE:757:cr18608r20000c///:5s5c|9h9d/Ad2h4d/Qc/Td:-20000|20000:Bob|Alice
STATE:758:f:Kh9s|Ac6c:50|-50:Alice|Bob
STATE:759:cr7651r18308r20000c///:Kd9c|Jh8d/Qc9hJc/7c/2h:-20000|20000:Bob|Alice
STATE:760:r10381c/cc/r17210f:9c4s|Jh5c/AcKd3h/2s:10381|-10381:Alice|Bob
STATE:761:cc/r15273c/r18850c/r19346c:Td2s|7dAs/9s8s6c/7c/Jd:19346|-19346:Bob|Alice
STATE:762:cc/r10524r20000c//:JhTd|TcAh/2s9dAd/4h/Qs:-20000|20000:Alice|Bob
STATE:763:cc/r11789r20000c//:Jd8d|9hTd/3h9s5c/7s/9c:-20000|20000:Bob|Alice
STATE:764:cr19104r20000c///:ThAc|2d4c/Jh3s5h/6s/Td:-20000|20000:Alice|Bob
STATE:765:cc/cc/r3453r13331c/r19074r20000c:Qh8d|2sJc/Kh7s3d/Kc/4h:20000|-20000:Bob|Alice
STATE:766:cr5513r14716r20000c///:Qs6s|9hKs/QhQd7c/9c/3h:20000|-20000:Alice|Bob
STATE:767:f:Kc2h|4h8d:50|-50:Bob|Alice
STATE:768:cr353c/r5449r19026r20000c//:QhAh|2cTd/6s3c4h/Tc/9h:-20000|20000:Alice|Bob
STATE:769:cr15090c/r16110r19587c/r19711c/cr19875r20000c:6d5h|3hQh/2d6c8s/3s/2h:20000|-20000:Bob|Alice
STATE:770:r10287r20000f:TcAs|Td7c:10287|-10287:Alice|Bob
STATE:771:cr8214r17221r20000c///:2s7h|Qs8h/3c5hJs/Jd/5d:-20000|20000:Bob|Alice
STATE:772:r9577c/cr18294c/r18911f:6h5d|As7d/Ah6sKd/Ac:18294|-18294:Alice|Bob
STATE:773:f:3d6h|6d2h:50|-50:Bob|Alice
STATE:774:cr2402c/cc/r3319c/cr10091r19818r20000c:8s6d|3d8c/Ah7hKh/7d/9s:0|0:Alice|Bob
STATE:775:r5714c/r16092c/r17276c/r18054c:Ks6c|7sJh/Kd4sJs/3c/8h:18054|-18054:Bob|Alice
STATE:776:cr4090r16605c/cr19945c/r20000f:Ah5d|6s2s/4s3h3d/4d:19945|-19945:Alice|Bob
STATE:777:r13488r20000c///:7h2h|9cTc/7dKs2d/4c/Jd:20000|-20000:Bob|Alice
STATE:778:cr2107r7869r16026r20000c///:8hKc|2d9s/AdKs8d/3c/Th:20000|-20000:Alice|Bob
STATE:779:cr4926c/cr18048r20000c//:AhTh|5h2h/8sQh8d/2c/7d:-20000|20000:Bob|Alice
STATE:780:cr3403c/r8525r17346c/r18599c/cc:7h8s|6hAs/QhQcJd/9d/7d:18599|-18599:Alice|Bob
STATE:781:cc/r12764f:Td5s|7c8c/4cKc7s:100|-100:Bob|Alice
STATE:782:cr9661c/cr16258f:2d7c|2hQh/5h6h4h:-9661|9661:Alice|Bob
STATE:783:r3217c/r16954r20000f:5hTh|3sAh/QdKh9s:-16954|16954:Bob|Alice
STATE:784:cr15908c/cr17068r19020c/r19854c/cr19979c:4h7h|7c3d/Th7sQd/Tc/3h:0|0:Alice|Bob
STATE:785:r12128r20000c///:Kc9c|5d6d/8dTs7h/9s/2d:-20000|20000:Bob|Alice
STATE:786:r3164c/cr9693c/r14471r19563r20000c/:QcQh|7dQd/4d2cTc/Kh/Jd:20000|-20000:Alice|Bob
STATE:787:cr13190c/r17308r20000c//:9hJc|5d4c/4d6cKd/8h/Th:-20000|20000:Bob|Alice
STATE:788:r19264c/cr19704r20000c//:TcTh|Td6c/Ac8s8d/2s/Kc:20000|-20000:Alice|Bob
STATE:789:r3008r15011r20000c///:Js3s|5s4d/QhKd7d/6s/4c:-20000|20000:Bob|Alice
STATE:790:cr15099r20000c///:Qs4d|AsAc/6h4c3d/7h/4h:20000|-20000:Alice|Bob
STATE:791:cc/r9748c/cr18162r20000c/:2c5d|JsQh/Jc9c3d/6d/7s:-20000|20000:Bob|Alice
STATE:792:r4491r13924r20000c///:9s5s|Jh5h/8cQc7c/7h/6h:20000|-20000:Alice|Bob
STATE:793:cr15248r20000c///:4sAs|8d5h/7dJdJs/7c/6c:20000|-20000:Bob|Alice
STATE:794:cr5175c/cr18660r20000f:9h5h|9dAc/Jc2h4s:18660|-18660:Alice|Bob
STATE:795:r4750c/r6735r15942r20000c//:Kd3s|8sKc/JcKhAd/As/7s:0|0:Bob|Alice
STATE:796:cr17673r20000c///:Qh2d|Kd7d/9d7h7c/Th/4c:-20000|20000:Alice|Bob
STATE:797:cr10010r19950f:Qd7h|2c4d:-10010|10010:Bob|Alice
STATE:798:r10948c/r17740c/r19664c/cr19814r19983r20000f:6h5s|Jh6d/9c2d5h/Kd/Ah:-19983|19983:Alice|Bob
STATE:799:r10694r20000c///:6dTh|7h6h/AsTdTc/Qc/Jd:20000|-20000:Bob|Alice
STATE:800:r11223r20000c///:5sAd|5h8d/ThJs7h/8c/6h:-20000|20000:Alice|Bob
STATE:801:cc/cr8606f:6d6c|8d8c/4sAc6h:-100|100:Bob|Alice
STATE:802:r6967r17016r20000f:Qh3c|Kd8s:-17016|17016:Alice|Bob
STATE:803:cc/cr7815c/r7959c/r11487r17833f:Tc2s|Ac5c/9d7sAh/6s/6d:-11487|11487:Bob|Alice
STATE:804:r19423c/cr19542c/r19828c/r19937c:Td7c|QsQh/AsQc7h/2d/3c:-19937|19937:Alice|Bob
STATE:805:r2425r9130f:7h8d|Tc6s:2425|-2425:Bob|Alice
STATE:806:cr3821r14596r20000c///:2c7c|Qc3h/JcKc2h/8d/7h:20000|-20000:Alice|Bob
STATE:807:cc/r5067r15875c/r16636c/r18051r19889c:2sKd|AdJh/5hTh9s/Ac/Jc:-19889|19889:Bob|Alice
STATE:808:r1858r10665r19544c/cr19872r20000c//:Qh2c|4sQs/5d9sJc/5h/5c:0|0:Alice|Bob
STATE:809:cr12651c/r14090r16162c/cc/r18085c:Qh8s|3cJh/6d7sTc/Qc/Js:18085|-18085:Bob|Alice
STATE:810:r14680r20000c///:9s5d|2c6h/5cQd3c/2s/Jd:20000|-20000:Alice|Bob
STATE:811:cr10104r20000c///:5sQs|3h8s/4d6d4h/8d/Th:-20000|20000:Bob|Alice
STATE:812:cc/cr15013c/cc/r17504c:Qc8d|JsAs/6cTd7d/8h/5c:17504|-17504:Alice|Bob
STATE:813:cc/r1237c/cc/r15443r20000c:AsJs|Ah6h/2d3d9h/8h/Qc:20000|-20000:Bob|Alice
STATE:814:r18936c/r19832r20000c//:8c7s|6dQd/7c5cTc/Ts/7h:20000|-20000:Alice|Bob
STATE:815:r405r11258r20000f:2cAh|3c3d:-11258|11258:Bob|Alice
STATE:816:r9572c/cr12611f:5c2s|6h4c/2h4dQs:-9572|9572:Alice|Bob
STATE:817:cr19636r20000c///:3sJh|Js6s/7h3h5h/6h/Jc:20000|-20000:Bob|Alice
STATE:818:r6505c/r8989f:Ks8h|8c7s/6sTc5h:6505|-6505:Alice|Bob
STATE:819:cr17654c/r18490r19398r20000c//:Jc8s|AcAh/TcQdKs/8d/6s:-20000|20000:Bob|Alice
STATE:820:r3820r11572r19390r20000c///:5dQc|2c6s/TsKhAh/6c/5h:-20000|20000:Alice|Bob
STATE:821:r4721r12847c/r13066r13794c/cc/r17269c:9c7c|6hKs/2h3c5d/Qh/5c:-17269|17269:Bob|Alice
STATE:822:r11392r20000c///:Kh9s|8d6s/JdAh9d/7d/Tc:-20000|20000:Alice|Bob
STATE:823:r10311r20000c///:3s3h|4cJc/Ts7h3c/8d/Qs:20000|-20000:Bob|Alice
STATE:824:r11454f:6hJs|2h3s:-100|100:Alice|Bob
STATE:825:r18016r20000c///:3d5h|KsKd/4sTsQd/Th/5d:-20000|20000:Bob|Alice
STATE:826:r11317c/r11750c/r18130c/r18569f:6d8s|5s7h/4sTsTd/7s/6h:18130|-18130:Alice|Bob
STATE:827:r7833c/cr17073c/cr19016r20000c/:4hAs|KdTs/5sJh4c/9s/Ad:20000|-20000:Bob|Alice
STATE:828:cr13705r20000c///:ThQs|Qd7c/6sAd3s/Ts/Js:20000|-20000:Alice|Bob
STATE:829:r5792r16946r20000c///:AdQh|TsKd/4sJh5s/3d/2d:20000|-20000:Bob|Alice
STATE:830:cc/r14715r20000c//:Th7c|Ts6c/5dJcQc/6h/3s:-20000|20000:Alice|Bob
STATE:831:cr2146r14841r20000f:8cAc|8sAd:14841|-14841:Bob|Alice
STATE:832:r3218r9180c/r19408f:TsQh|As8h/Ac8d7s:9180|-9180:Alice|Bob
STATE:833:r17797c/r18566c/cr19065c/r19889c:5d9d|6hQd/7sKh2h/Qh/7h:-19889|19889:Bob|Alice
STATE:834:r12666c/r15113r19930r20000c//:6s7c|QcAh/9cKhQs/3d/6d:-20000|20000:Alice|Bob
STATE:835:r19842r20000c///:ThKh|3cJh/5c8cQd/Qh/7c:20000|-20000:Bob|Alice
STATE:836:r1169r17141r20000f:9c4d|7d9s:-17141|17141:Alice|Bob
STATE:837:r14418r20000c///:3d9d|Kh4s/9cJs5c/2d/8s:20000|-20000:Bob|Alice
STATE:838:cc/cc/r6490f:6cTd|Kc9s/8s9hQs/6s:100|-100:Alice|Bob
STATE:839:r7257r18678r20000c///:7h4d|7sTc/Qh5d9c/8h/7c:-20000|20000:Bob|Alice
STATE:840:r12547r20000c///:KsQs|As4c/7sTdKd/Jd/Kh:20000|-20000:Alice|Bob
STATE:841:r935c/cc/cc/r1254c:4h2s|As7h/6h7cKd/4d/Kh:-1254|1254:Bob|Alice
STATE:842:cc/cr17918c/cr18660c/cr18763c:4dAd|9c6d/7c8s6s/5h/2h:-18763|18763:Alice|Bob
STATE:843:cr746r9296f:3c3s|8s6d:-746|746:Bob|Alice
STATE:844:r16522r20000c///:5dKh|JhQh/Kc8s3d/5s/Ks:20000|-20000:Alice|Bob
STATE:845:r15150r20000c///:6h3h|QdQh/Kh8d6d/6s/Jd:20000|-20000:Bob|Alice
STATE:846:cc/cr13806c/r18940r20000c/:Jh9c|Qs4d/Qh9h8c/2h/4s:-20000|20000:Alice|Bob
STATE:847:r17444r20000c///:2c9s|Jh5c/QhKh7d/3c/6s:-20000|20000:Bob|Alice
STATE:848:f:ThKs|7dAd:50|-50:Alice|Bob
STATE:849:cc/cr401f:4hQd|9s9d/Qc6cAc:-100|100:Bob|Alice
STATE:850:r19013r20000c///:JsAs|Kh5s/Tc3s2c/Kc/9c:-20000|20000:Alice|Bob
STATE:851:r11905c/r12300r13215c/r19964r20000c/:4cKh|Kc7c/9d5d6s/Ks/4h:20000|-20000:Bob|Alice
STATE:852:r13056r20000c///:AsTd|Th4h/Kc3d4s/Ac/6c:20000|-20000:Alice|Bob
STATE:853:r7233c/cc/r9053r12690c/r13184r16595c:Td7h|9h9d/AcAdJs/7s/Kc:-16595|16595:Bob|Alice
STATE:854:r13150c/r15380f:Ad9c|AcQd/4sKdAs:13150|-13150:Alice|Bob
STATE:855:r12861c/cr13416r15419c/cr19575c/r19701c:Ks2d|9s5c/Jd6s2c/Qd/Qs:19701|-19701:Bob|Alice
STATE:856:cc/r12288c/cr13106r17369r20000c/:3cAc|Ks9h/ThAh5c/4h/6d:20000|-20000:Alice|Bob
STATE:857:r5090r12856r20000c///:8c5s|KsTs/JhKh7d/5h/9h:-20000|20000:Bob|Alice
STATE:858:cr17604r20000c///:JhQh|6h8s/3d2sAd/4s/5s:-20000|20000:Alice|Bob
STATE:859:cr1984c/cc/cr18800c/r19986c:5s7h|3c4d/QsAhKd/3d/4h:-19986|19986:Bob|Alice
STATE:860:r10455c/cc/r19254c/r19855r20000c:Ad8d|QdTd/9h5d6c/9d/7h:20000|-20000:Alice|Bob
STATE:861:r16281r20000c///:7s7h|9dQc/JdKsKh/8d/Th:-20000|20000:Bob|Alice
STATE:862:f:Td7d|5sQs:50|-50:Alice|Bob
STATE:863:cr15573r20000c///:7h5d|TdJs/KhQh9d/4h/6s:-20000|20000:Bob|Alice
STATE:864:r10184c/r10429c/r16485c/cr17451r18715c:Qd8d|2hTs/9h7c4c/3h/4s:18715|-18715:Alice|Bob
STATE:865:r15850r20000c///:QhJh|5h3h/4c8d6s/Jd/9d:20000|-20000:Bob|Alice
STATE:866:cr18298r20000c///:9d9s|5h6d/2s9h7s/Qd/Kc:20000|-20000:Alice|Bob
STATE:867:r15932r20000c///:AsQh|Jd7h/9sTh9h/Qc/Tc:20000|-20000:Bob|Alice
STATE:868:cc/cr19802c/r20000c/:Ac4h|9h6d/Tc3dAh/4c/Kd:20000|-20000:Alice|Bob
STATE:869:r10822r20000c///:JhKh|5cJc/QsTs7h/2h/5d:-20000|20000:Bob|Alice
STATE:870:r347r8486c/cr14652r20000c//:4d5h|2hQd/4h2c7s/4s/6s:20000|-20000:Alice|Bob
STATE:871:r2422c/r5395r12085c/r16541r20000c/:2d6d|5c3d/7d7c6c/4c/Ks:-20000|20000:Bob|Alice
STATE:872:cr18026r20000c///:2d3d|9c5s/9s6s7h/7c/8c:-20000|20000:Alice|Bob
STATE:873:r2369c/cr17081c/r18888r20000c/:8d8h|Qh7d/As9c5h/Tc/4c:20000|-20000:Bob|Alice
STATE:874:cr6850c/cr13455c/cr18368c/cr19813c:4sKs|4d8h/QdTdTh/9c/Jd:19813|-19813:Alice|Bob
STATE:875:r9419f:7s3c|As3d:-100|100:Bob|Alice
STATE:876:r7449f:8h5s|6dTh:-100|100:Alice|Bob
STATE:877:r15630c/cr19924c/cc/r20000c:7d7h|QsQh/8h5c9d/Kh/3s:-20000|20000:Bob|Alice
STATE:878:f:9cQh|AhTs:50|-50:Alice|Bob
STATE:879:f:8d4d|9cQh:50|-50:Bob|Alice
STATE:880:cr9689r19672r20000c///:Qs7s|3sKc/7hJd2d/9c/5h:20000|-20000:Alice|Bob
STATE:881:r15573r20000c///:Ac5s|9c2d/8dKd6d/8h/3s:20000|-20000:Bob|Alice
STATE:882:cc/cc/cc/r6038r14806c:TsJs|3h4h/Kd9h8c/6h/Qh:-14806|14806:Alice|Bob
STATE:883:cc/cc/r6384c/cr7752c:7sQd|Jc7d/2d2cJd/Ah/5d:-7752|7752:Bob|Alice
STATE:884:cr7790r19207r20000f:3d2d|Kh6d:19207|-19207:Alice|Bob
STATE:885:cr8691c/cr15305r20000c//:6hTc|ThKs/8cJcAd/5s/Td:-20000|20000:Bob|Alice
STATE:886:cr11795r20000c///:Td6c|7dKs/JhAh5c/Jd/4h:-20000|20000:Alice|Bob
STATE:887:cr300r12133c/cr15130r19705c/r19966c/cc:2s7c|JhJs/As4h9s/Qh/Qd:-19966|19966:Bob|Alice
STATE:888:r12633r20000c///:As5s|6dJc/4c3hKh/7s/Kd:20000|-20000:Alice|Bob
STATE:889:cc/r12152r20000f:Kh5c|9cJd/8d2s2c:-12152|12152:Bob|Alice
STATE:890:cr2620c/r14584c/r18563c/r19777c:9h8d|7c4d/5hQh2d/Ac/3h:-19777|19777:Alice|Bob
STATE:891:r1871c/r4013r11646r19630r20000c//:2cJc|Ks9s/2h7sAs/6s/3c:-20000|20000:Bob|Alice
STATE:892:r4102c/r17654r20000c//:7h8c|Ad6c/6dKhJh/3c/Qd:-20000|20000:Alice|Bob
STATE:893:cc/r1147r4021c/r17201r20000c/:Jh2c|Tc9c/Qd5sKc/3d/Ah:20000|-20000:Bob|Alice
STATE:894:f:8d9c|6c7s:50|-50:Alice|Bob
STATE:895:r3250r12451c/cc/r17016c/r17133r19884r20000c:4s2d|4hKc/Jd9d8h/Ac/5d:-20000|20000:Bob|Alice
STATE:896:cc/r9201r19235c/cr19449c/cc:Jc5c|5sAd/Ts4h6s/5h/7c:-19449|19449:Alice|Bob
STATE:897:r14148c/r17662c/r17940r19565r20000c/:Ts3c|6s6h/Jh5c4s/2c/7d:-20000|20000:Bob|Alice
STATE:898:r7528c/r8683r18486c/cr19401r20000c/:9c5d|Td5s/3h9hKd/8c/Jd:20000|-20000:Alice|Bob
STATE:899:cc/cr1745c/cc/r5413r10611c:KdTd|7cTc/9sQs5d/4d/6c:10611|-10611:Bob|Alice
STATE:900:r16005r20000c///:5h3h|6c5d/QhAd2h/5c/9c:0|0:Alice|Bob
STATE:901:cc/r2588c/r7841r16796f:JdQc|Jc7c/3h8c4c/4s:-7841|7841:Bob|Alice
STATE:902:cr205c/r12054r20000c//:Ah4s|Ks4d/2s5cJc/8h/Ad:20000|-20000:Alice|Bob
STATE:903:cr9638r19795c/r19979c/r20000c/:Ad6c|Kc2c/2d7hJd/8c/2h:-20000|20000:Bob|Alice
STATE:904:cc/cr12663c/r19970c/r20000c:8dQh|JhTd/8cQdAd/6c/5h:20000|-20000:Alice|Bob
STATE:905:cc/r5932c/cr10209c/cc:3s4s|3d2c/5hTs4h/5s/6s:10209|-10209:Bob|Alice
STATE:906:r8659c/cc/cc/cr17552r20000c:Kd4c|8cJc/3sAhQc/9d/7d:20000|-20000:Alice|Bob
STATE:907:cc/cc/r18631r20000c/:Ks5h|8s5s/TcKdKc/Qs/Jc:20000|-20000:Bob|Alice
STATE:908:r3451r11925r20000f:8d3s|2s6c:-11925|11925:Alice|Bob
STATE:909:r19239r20000c///:9hAs|5d9d/6d7d7s/Td/2c:-20000|20000:Bob|Alice
STATE:910:cc/r17011c/r19678c/r19778r19967c:Kd4s|4dJc/7d3h8h/2d/5s:19967|-19967:Alice|Bob
STATE:911:cc/cc/cc/r3763c:9s8d|3h2d/Ad7sJs/4s/4d:3763|-3763:Bob|Alice
STATE:912:cr5399c/cr9546f:8cTc|4cJc/8s5cTh:-5399|5399:Alice|Bob
STATE:913:r9021c/cr13779r18552r20000c//:ThAd|4sQs/JsQh5h/Kd/9s:20000|-20000:Bob|Alice
STATE:914:r11788r20000c///:3hKd|3sKh/7s5cJh/Ac/5h:0|0:Alice|Bob
STATE:915:cr11455f:AdTc|Th9c:100|-100:Bob|Alice
STATE:916:r13564c/cr19940c/r20000c/:Qs6h|4s2h/QdAc6s/3c/2s:20000|-20000:Alice|Bob
STATE:917:cc/cr6650r15727r20000f:4s9c|2c2d/KdQd4c:-15727|15727:Bob|Alice
STATE:918:cc/r17938r20000c//:6c4c|Tc7d/AsQd3d/9c/5h:-20000|20000:Alice|Bob
STATE:919:cr4221r10603r18535r20000c///:TdQd|9h2h/Qh2cAd/9c/Jh:-20000|20000:Bob|Alice
STATE:920:cr18073r20000c///:7d8s|Jd6h/KsTh7h/As/Ts:20000|-20000:Alice|Bob
STATE:921:f:Jh5d|AcAs:50|-50:Bob|Alice
STATE:922:cc/cr12331r20000c//:2sKh|8c7d/9c2hJc/4h/Td:-20000|20000:Alice|Bob
STATE:923:r5933c/cr9163c/r16568r20000c/:2hKd|Ac7d/4d7sQh/8h/2d:-20000|20000:Bob|Alice
STATE:924:cr6763c/cr10654f:9hAs|7c2h/3d4dTh:-6763|6763:Alice|Bob
STATE:925:cc/r2012r6443r18742f:QsAs|7d4h/6hKdQh:6443|-6443:Bob|Alice
STATE:926:cr7755r16911c/r18615r20000c//:5hKc|2hTd/4sJd2d/8s/Kh:20000|-20000:Alice|Bob
STATE:927:r6966r17871c/r18373c/r19718f:6c9d|3s7c/Js6hQd/7s:18373|-18373:Bob|Alice
STATE:928:r11922c/r14099r17135c/cr18504c/cc:7h6s|Qs2c/3dJs6d/Th/9c:18504|-18504:Alice|Bob
STATE:929:r16553c/cr17421c/cr17774c/r18151c:5dTs|8s5c/2cAcKh/2s/3h:18151|-18151:Bob|Alice
STATE:930:cc/r14219r20000c//:6c4s|Qs2h/9dJdKc/2c/7s:-20000|20000:Alice|Bob
STATE:931:cr14698r20000c///:ThTc|2d3s/8h5dQc/Qd/Qs:20000|-20000:Bob|Alice
STATE:932:cc/cr7512c/r19746c/cc:2dJh|7h5d/4d3dQc/5c/Ad:19746|-19746:Alice|Bob
STATE:933:r8639c/r17998r20000c//:TsJh|4c5d/8cKcQc/7s/As:20000|-20000:Bob|Alice
STATE:934:r4993c/r11093r17299c/cr19893r20000c/:AcTc|Kh5c/9d7c8s/3s/4h:20000|-20000:Alice|Bob
STATE:935:cc/cc/cc/r17159c:5h2h|Ad9s/3sTc7c/3h/7h:-17159|17159:Bob|Alice
STATE:936:r4762r17390r20000c///:KsTd|4d6h/JcTs9c/2d/3d:20000|-20000:Alice|Bob
STATE:937:r8220r18379c/cr18870r19487r20000f:8h6d|3d7c/KsJc6s:-19487|19487:Bob|Alice
STATE:938:cc/r1081c/cr4254r9072r16635c/cc:2cAd|3dKc/6d4d7c/9s/Ks:-16635|16635:Alice|Bob
STATE:939:f:QhKh|Ad3h:50|-50:Bob|Alice
STATE:940:r7322r14657r20000c///:JdQd|3hTs/8h6c7h/9c/Qc:-20000|20000:Alice|Bob
STATE:941:r2884c/cr18079c/cc/r19716r20000c:8s2h|KsJh/8d7c3d/6d/2s:20000|-20000:Bob|Alice
STATE:942:cr1270c/cr16842r20000f:Kd5s|As7h/TsTd8c:16842|-16842:Alice|Bob
STATE:943:r8095r17008r20000c///:3h4h|AdJd/6d7d8c/3c/4d:-20000|20000:Bob|Alice
STATE:944:cc/cr6450r15429r20000f:Jd6c|Qd8d/Jh3c2h:-15429|15429:Alice|Bob
STATE:945:cr17835c/r19209r20000c//:Kd2s|Js7c/AcKhTc/7d/Jc:-20000|20000:Bob|Alice
STATE:946:cr10212c/cr12964c/r14479r18739r20000c/:2c5h|Ad7c/7d3cTs/4h/Ks:-20000|20000:Alice|Bob
STATE:947:cr16937r20000c///:8cTd|6sKc/9hKs9s/Qc/3h:-20000|20000:Bob|Alice
STATE:948:r848c/r9810r18852f:8hQd|4sKs/5h6sTs:-9810|9810:Alice|Bob
STATE:949:cr6986c/r17425r20000c//:KdTs|4s7h/QcAcKc/3s/4d:20000|-20000:Bob|Alice
STATE:950:r1304r12291c/cc/r12660r13585c/cr19749c:5h9s|Th6d/5c6h8s/9c/Kd:19749|-19749:Alice|Bob
STATE:951:r13531c/cr16517r19724r20000c//:7h4s|Jh8h/Td9h2s/Kd/Js:-20000|20000:Bob|Alice
STATE:952:f:Qc9c|Kc6s:50|-50:Alice|Bob
STATE:953:cc/r4981r11013r19297r20000c//:Qd8h|6cJh/2sAsJs/4c/7h:-20000|20000:Bob|Alice
STATE:954:cc/cr6900r16875c/r17586c/r19688r20000c:6s8s|Jd9h/5d5hTc/Td/7s:-20000|20000:Alice|Bob
STATE:955:r9958r19942r20000c///:6sAd|4h8h/6dKdKh/5c/4d:20000|-20000:Bob|Alice
STATE:956:cc/r4726r12743r20000c//:9c4d|Qs5h/As9sKs/2c/Qd:-20000|20000:Alice|Bob
STATE:957:r5174c/r12865r20000c//:Kh9s|2h5c/Kc5s3h/7d/6c:20000|-20000:Bob|Alice
STATE:958:f:Kd3h|TcKs:50|-50:Alice|Bob
STATE:959:cc/cc/cc/cc:8h6s|Ks5h/4c3hKd/3c/6h:-100|100:Bob|Alice
STATE:960:r13022r20000c///:2c7d|8d3d/9s7hQc/6s/2d:20000|-20000:Alice|Bob
STATE:961:cc/cc/r6333c/r17872c:9hAs|5d6c/7d6s4s/Js/4d:-17872|17872:Bob|Alice
STATE:962:r6099r16638c/r16886c/r17725c/r18242r20000c:Js3c|5cKs/6h3dKd/Ah/2d:-20000|20000:Alice|Bob
STATE:963:r10448c/cr18549c/cc/r19020c:9sJc|5d8h/6d4h4c/Kd/3s:19020|-19020:Bob|Alice
STATE:964:cc/r17274c/cr18816r20000c/:9s4c|7h6h/3cKdTd/3h/7s:-20000|20000:Alice|Bob
STATE:965:r16561r20000c///:3sAh|QhKs/6s2sQc/Qd/Jh:-20000|20000:Bob|Alice
STATE:966:cc/cc/cc/cr15800r20000f:3d7d|7h6s/4s2cJs/Ad/Qd:15800|-15800:Alice|Bob
STATE:967:r18667r20000c///:9d7c|Qc5d/3dJcJs/8h/5h:-20000|20000:Bob|Alice
STATE:968:r15872c/cr18430r20000c//:Tc2h|AhJs/9d9cJh/7d/2c:-20000|20000:Alice|Bob
STATE:969:cr11350r20000c///:KcAh|3h5d/Kh7d3d/6c/Jd:20000|-20000:Bob|Alice
STATE:970:cr18976r20000c///:4c4s|KdAs/AdThTc/9h/Jh:-20000|20000:Alice|Bob
STATE:971:r4153f:KcJh|9c9s:-100|100:Bob|Alice
STATE:972:r1500c/r14249c/r15162f:3c9d|Tc2s/6c2hTh/Qs:14249|-14249:Alice|Bob
STATE:973:r5839c/cr8912r14337c/cc/cc:9s9c|Ks9h/Ac4cQh/Ts/4h:14337|-14337:Bob|Alice
STATE:974:cc/cr10892r20000c//:Tc7h|As3c/5dQc3s/2c/5h:-20000|20000:Alice|Bob
STATE:975:r9352c/r13031r19627f:Qd9d|Ts3h/6d8hJh:-13031|13031:Bob|Alice
STATE:976:cc/cr5240r13301f:9h8d|6c2s/8s2d7c:5240|-5240:Alice|Bob
STATE:977:cr8238r18163r20000c///:Qs8c|6d5c/Ts7h5h/4h/Ac:-20000|20000:Bob|Alice
STATE:978:r18803c/cr19360c/r19461r19792c/cr19926c:3s5s|8s2s/Kd6sTc/7s/6d:-19926|19926:Alice|Bob
STATE:979:cc/r3616c/cc/cc:Jh6d|KdAs/TsJc4s/3h/Ad:-3616|3616:Bob|Alice
STATE:980:r1730c/cr9007r19334f:Qc3s|2c6d/Jc7s7d:9007|-9007:Alice|Bob
STATE:981:cr10220r20000c///:Td4s|5d6h/6d7cTh/3h/Jc:20000|-20000:Bob|Alice
STATE:982:r14723c/cc/cc/cc:3d4s|2h7s/Jc6s3h/6c/7d:-14723|14723:Alice|Bob
STATE:983:cc/cc/r3815r8658c/r18869c:2s4c|3c2c/9cTdAd/Ac/Qc:-18869|18869:Bob|Alice
STATE:984:cr8381r18982c/cr19265f:3dKh|9s7s/2dQs9d:-18982|18982:Alice|Bob
STATE:985:r18172c/r19154r20000c//:8d9c|5hKs/Jh6h5s/6c/7h:20000|-20000:Bob|Alice
STATE:986:cc/r3275f:6sAd|4c9s/As8h5c:100|-100:Alice|Bob
STATE:987:r14693r20000c///:QcTs|6cKs/AhKcTh/9s/9c:-20000|20000:Bob|Alice
STATE:988:cc/cr2031r14733r20000c//:3s4d|8s5d/7h7s3d/6c/5s:20000|-20000:Alice|Bob
STATE:989:r16843c/cr18518c/r18860c/cr19233c:QsKc|8c2c/Td6sQh/7d/Th:19233|-19233:Bob|Alice
STATE:990:cc/cc/r2658c/r9205r15944r20000c:3s5d|Td2s/4d5c4s/Kd/2c:20000|-20000:Alice|Bob
STATE:991:r11639c/cc/r18419f:7d5s|Kh9c/As3hTs/Jh:11639|-11639:Bob|Alice
STATE:992:r16589f:Kh6h|As2h:-100|100:Alice|Bob
STATE:993:cc/cc/cr9611c/r12105c:8c7d|QcKc/Ac6hTd/9h/3d:12105|-12105:Bob|Alice
STATE:994:r5087c/r15562c/cc/r18400r20000c:6s9d|4dQd/3hAh5d/4s/6h:20000|-20000:Alice|Bob
STATE:995:cc/r1739c/cc/cr17672r20000c:6c2d|9cKs/4dKc7d/Td/Ah:-20000|20000:Bob|Alice
STATE:996:cr13388c/r19439c/r19927c/cr20000c:9h7h|3d8s/JcAc5c/Ah/Ks:20000|-20000:Alice|Bob
STATE:997:r5009c/r6381r10293f:5s9c|8dJh/TdQc9d:-6381|6381:Bob|Alice
STATE:998:r13617r20000c///:Kc6h|Qc3s/QhAh8d/Th/9d:-20000|20000:Alice|Bob
STATE:999:cc/r3138r9448r19975c/r20000c/:Jc8d|TdQd/As6d6h/7h/4s:-20000|20000:Bob|Alice
SCORE:195857|-195857:Alice|Bob
